# Logfile created on 2011-02-05 19:53:21 -0600 by logger.rb/25413
REQUESTING PAGE: GET /users/new?user[uid]=alwaysandfornever.fool&user[provider]=google with {} and HTTP headers {}
REQUESTING PAGE: GET /users/new?user[uid]=alwaysandfornever.fool&user[provider]=google with {} and HTTP headers {}
REQUESTING PAGE: GET /users/new?user[uid]=alwaysandfornever.fool&user[provider]=google with {} and HTTP headers {}
REQUESTING PAGE: POST /users with {"utf8"=>"\xE2\x9C\x93", "user"=>{"uid"=>"alwaysandfornever.fool", "provider"=>"google", "name"=>"Terrible deep", "email"=>"never@publish.me", "description"=>"", "theme"=>"general"}, "commit"=>"Sign up"} and HTTP headers {"HTTP_REFERER"=>"/users/new?user[uid]=alwaysandfornever.fool&user[provider]=google"}
REQUESTING PAGE: GET http://www.example.com/users/1 with {} and HTTP headers {"HTTP_REFERER"=>"/users"}
REQUESTING PAGE: GET /events with {} and HTTP headers {"HTTP_REFERER"=>"http://www.example.com/users/1"}
REQUESTING PAGE: GET /events/new with {} and HTTP headers {"HTTP_REFERER"=>"/events"}
REQUESTING PAGE: POST /events with {"utf8"=>"\xE2\x9C\x93", "event"=>{"name"=>"", "price"=>"no price info", "date(1i)"=>"2011", "date(2i)"=>"2", "date(3i)"=>"5", "time"=>"", "venue_id"=>"no_venue", "address"=>"", "city"=>"Chicago, IL", "description"=>"", "links_attributes"=>{"0"=>{"url"=>"", "text"=>""}, "1"=>{"url"=>"", "text"=>""}, "2"=>{"url"=>"", "text"=>""}, "3"=>{"url"=>"", "text"=>""}}}, "commit"=>"Create Event"} and HTTP headers {"HTTP_REFERER"=>"/events/new"}
REQUESTING PAGE: GET /users/new?user[uid]=alwaysandfornever.fool&user[provider]=google with {} and HTTP headers {}
REQUESTING PAGE: POST /users with {"utf8"=>"\xE2\x9C\x93", "user"=>{"uid"=>"alwaysandfornever.fool", "provider"=>"google", "name"=>"Terrible deep", "email"=>"never@publish.me", "description"=>"", "theme"=>"general"}, "commit"=>"Sign up"} and HTTP headers {"HTTP_REFERER"=>"/users/new?user[uid]=alwaysandfornever.fool&user[provider]=google"}
REQUESTING PAGE: GET http://www.example.com/users/1 with {} and HTTP headers {"HTTP_REFERER"=>"/users"}
REQUESTING PAGE: GET /users/new?user[uid]=alwaysandfornever.fool&user[provider]=google with {} and HTTP headers {}
REQUESTING PAGE: POST /users with {"utf8"=>"\xE2\x9C\x93", "user"=>{"uid"=>"alwaysandfornever.fool", "provider"=>"google", "name"=>"Terrible deep", "email"=>"never@publish.me", "description"=>"", "theme"=>"general"}, "commit"=>"Sign up"} and HTTP headers {"HTTP_REFERER"=>"/users/new?user[uid]=alwaysandfornever.fool&user[provider]=google"}
REQUESTING PAGE: GET http://www.example.com/users/1 with {} and HTTP headers {"HTTP_REFERER"=>"/users"}
REQUESTING PAGE: GET /events with {} and HTTP headers {"HTTP_REFERER"=>"http://www.example.com/users/1"}
REQUESTING PAGE: GET /events/new with {} and HTTP headers {"HTTP_REFERER"=>"/events"}
REQUESTING PAGE: POST /events with {"utf8"=>"\xE2\x9C\x93", "event"=>{"name"=>"", "price"=>"no price info", "date(1i)"=>"2011", "date(2i)"=>"2", "date(3i)"=>"5", "time"=>"", "venue_id"=>"no_venue", "address"=>"", "city"=>"Chicago, IL", "description"=>"", "links_attributes"=>{"0"=>{"url"=>"", "text"=>""}, "1"=>{"url"=>"", "text"=>""}, "2"=>{"url"=>"", "text"=>""}, "3"=>{"url"=>"", "text"=>""}}}, "commit"=>"Create Event"} and HTTP headers {"HTTP_REFERER"=>"/events/new"}
REQUESTING PAGE: GET /users/new?user[uid]=alwaysandfornever.fool&user[provider]=google with {} and HTTP headers {}
REQUESTING PAGE: POST /users with {"utf8"=>"\xE2\x9C\x93", "user"=>{"uid"=>"alwaysandfornever.fool", "provider"=>"google", "name"=>"Terrible deep", "email"=>"never@publish.me", "description"=>"", "theme"=>"general"}, "commit"=>"Sign up"} and HTTP headers {"HTTP_REFERER"=>"/users/new?user[uid]=alwaysandfornever.fool&user[provider]=google"}
REQUESTING PAGE: GET http://www.example.com/users/1 with {} and HTTP headers {"HTTP_REFERER"=>"/users"}
REQUESTING PAGE: GET /users/new?user[uid]=alwaysandfornever.fool&user[provider]=google with {} and HTTP headers {}
REQUESTING PAGE: POST /users with {"utf8"=>"\xE2\x9C\x93", "user"=>{"uid"=>"alwaysandfornever.fool", "provider"=>"google", "name"=>"Terrible deep", "email"=>"never@publish.me", "description"=>"", "theme"=>"general"}, "commit"=>"Sign up"} and HTTP headers {"HTTP_REFERER"=>"/users/new?user[uid]=alwaysandfornever.fool&user[provider]=google"}
REQUESTING PAGE: GET http://www.example.com/users/1 with {} and HTTP headers {"HTTP_REFERER"=>"/users"}
REQUESTING PAGE: GET /events with {} and HTTP headers {"HTTP_REFERER"=>"http://www.example.com/users/1"}
REQUESTING PAGE: GET /events/new with {} and HTTP headers {"HTTP_REFERER"=>"/events"}
REQUESTING PAGE: POST /events with {"utf8"=>"\xE2\x9C\x93", "event"=>{"name"=>"", "price"=>"no price info", "date(1i)"=>"2011", "date(2i)"=>"2", "date(3i)"=>"5", "time"=>"", "venue_id"=>"no_venue", "address"=>"", "city"=>"Chicago, IL", "description"=>"", "links_attributes"=>{"0"=>{"url"=>"", "text"=>""}, "1"=>{"url"=>"", "text"=>""}, "2"=>{"url"=>"", "text"=>""}, "3"=>{"url"=>"", "text"=>""}}}, "commit"=>"Create Event"} and HTTP headers {"HTTP_REFERER"=>"/events/new"}
REQUESTING PAGE: GET /users/new?user[uid]=alwaysandfornever.fool&user[provider]=google with {} and HTTP headers {}
REQUESTING PAGE: POST /users with {"utf8"=>"\xE2\x9C\x93", "user"=>{"uid"=>"alwaysandfornever.fool", "provider"=>"google", "name"=>"Terrible deep", "email"=>"never@publish.me", "description"=>"", "theme"=>"general"}, "commit"=>"Sign up"} and HTTP headers {"HTTP_REFERER"=>"/users/new?user[uid]=alwaysandfornever.fool&user[provider]=google"}
REQUESTING PAGE: GET http://www.example.com/users/1 with {} and HTTP headers {"HTTP_REFERER"=>"/users"}
REQUESTING PAGE: GET /events/new with {} and HTTP headers {"HTTP_REFERER"=>"http://www.example.com/users/1"}
REQUESTING PAGE: POST /events with {"utf8"=>"\xE2\x9C\x93", "event"=>{"name"=>"Hilarious time", "price"=>"no price info", "date(1i)"=>"2011", "date(2i)"=>"2", "date(3i)"=>"5", "time"=>"", "venue_id"=>"no_venue", "address"=>"1234 Happy Street", "city"=>"Chicago, IL", "description"=>"This is going to be funny as shit.", "links_attributes"=>{"0"=>{"url"=>"", "text"=>""}, "1"=>{"url"=>"", "text"=>""}, "2"=>{"url"=>"", "text"=>""}, "3"=>{"url"=>"", "text"=>""}}}, "commit"=>"Create Event"} and HTTP headers {"HTTP_REFERER"=>"/events/new"}
REQUESTING PAGE: GET http://www.example.com/events/1 with {} and HTTP headers {"HTTP_REFERER"=>"/events"}
REQUESTING PAGE: GET /users/new?user[uid]=alwaysandfornever.fool&user[provider]=google with {} and HTTP headers {}
REQUESTING PAGE: POST /users with {"utf8"=>"\xE2\x9C\x93", "user"=>{"uid"=>"alwaysandfornever.fool", "provider"=>"google", "name"=>"Terrible deep", "email"=>"never@publish.me", "description"=>"", "theme"=>"general"}, "commit"=>"Sign up"} and HTTP headers {"HTTP_REFERER"=>"/users/new?user[uid]=alwaysandfornever.fool&user[provider]=google"}
REQUESTING PAGE: GET http://www.example.com/users/1 with {} and HTTP headers {"HTTP_REFERER"=>"/users"}
REQUESTING PAGE: GET /events with {} and HTTP headers {"HTTP_REFERER"=>"http://www.example.com/users/1"}
REQUESTING PAGE: GET /events/new with {} and HTTP headers {"HTTP_REFERER"=>"/events"}
REQUESTING PAGE: POST /events with {"utf8"=>"\xE2\x9C\x93", "event"=>{"name"=>"", "price"=>"no price info", "date(1i)"=>"2011", "date(2i)"=>"2", "date(3i)"=>"5", "time"=>"", "venue_id"=>"no_venue", "address"=>"", "city"=>"Chicago, IL", "description"=>"", "links_attributes"=>{"0"=>{"url"=>"", "text"=>""}, "1"=>{"url"=>"", "text"=>""}, "2"=>{"url"=>"", "text"=>""}, "3"=>{"url"=>"", "text"=>""}}}, "commit"=>"Create Event"} and HTTP headers {"HTTP_REFERER"=>"/events/new"}
REQUESTING PAGE: GET /users/new?user[uid]=alwaysandfornever.fool&user[provider]=google with {} and HTTP headers {}
REQUESTING PAGE: POST /users with {"utf8"=>"\xE2\x9C\x93", "user"=>{"uid"=>"alwaysandfornever.fool", "provider"=>"google", "name"=>"Terrible deep", "email"=>"never@publish.me", "description"=>"", "theme"=>"general"}, "commit"=>"Sign up"} and HTTP headers {"HTTP_REFERER"=>"/users/new?user[uid]=alwaysandfornever.fool&user[provider]=google"}
REQUESTING PAGE: GET http://www.example.com/users/1 with {} and HTTP headers {"HTTP_REFERER"=>"/users"}
REQUESTING PAGE: GET /events/new with {} and HTTP headers {"HTTP_REFERER"=>"http://www.example.com/users/1"}
REQUESTING PAGE: POST /events with {"utf8"=>"\xE2\x9C\x93", "event"=>{"name"=>"Hilarious time", "price"=>"no price info", "date(1i)"=>"2011", "date(2i)"=>"2", "date(3i)"=>"5", "time"=>"", "venue_id"=>"no_venue", "address"=>"1234 Happy Street", "city"=>"Chicago, IL", "description"=>"This is going to be funny as shit.", "links_attributes"=>{"0"=>{"url"=>"", "text"=>""}, "1"=>{"url"=>"", "text"=>""}, "2"=>{"url"=>"", "text"=>""}, "3"=>{"url"=>"", "text"=>""}}}, "commit"=>"Create Event"} and HTTP headers {"HTTP_REFERER"=>"/events/new"}
REQUESTING PAGE: GET http://www.example.com/events/1 with {} and HTTP headers {"HTTP_REFERER"=>"/events"}
REQUESTING PAGE: GET /users/new?user[uid]=alwaysandfornever.fool&user[provider]=google with {} and HTTP headers {}
REQUESTING PAGE: POST /users with {"utf8"=>"\xE2\x9C\x93", "user"=>{"uid"=>"alwaysandfornever.fool", "provider"=>"google", "name"=>"Terrible deep", "email"=>"never@publish.me", "description"=>"", "theme"=>"general"}, "commit"=>"Sign up"} and HTTP headers {"HTTP_REFERER"=>"/users/new?user[uid]=alwaysandfornever.fool&user[provider]=google"}
REQUESTING PAGE: GET http://www.example.com/users/1 with {} and HTTP headers {"HTTP_REFERER"=>"/users"}
REQUESTING PAGE: GET /events with {} and HTTP headers {"HTTP_REFERER"=>"http://www.example.com/users/1"}
REQUESTING PAGE: GET /events with {"utf8"=>"\xE2\x9C\x93", "commit"=>"This month's events", "price_text"=>""} and HTTP headers {"HTTP_REFERER"=>"/events"}
REQUESTING PAGE: GET /events with {"utf8"=>"\xE2\x9C\x93", "commit"=>"Past events", "price_text"=>""} and HTTP headers {"HTTP_REFERER"=>"/events"}
REQUESTING PAGE: GET /events with {"utf8"=>"\xE2\x9C\x93", "commit"=>"This week's events", "price_text"=>""} and HTTP headers {"HTTP_REFERER"=>"/events"}
REQUESTING PAGE: GET /events with {"utf8"=>"\xE2\x9C\x93", "commit"=>"Today's events", "price_text"=>""} and HTTP headers {"HTTP_REFERER"=>"/events"}
REQUESTING PAGE: GET /events with {"utf8"=>"\xE2\x9C\x93", "commit"=>"All upcoming events", "price_text"=>""} and HTTP headers {"HTTP_REFERER"=>"/events"}
REQUESTING PAGE: GET /users/new?user[uid]=alwaysandfornever.fool&user[provider]=google with {} and HTTP headers {}
REQUESTING PAGE: POST /users with {"utf8"=>"\xE2\x9C\x93", "user"=>{"uid"=>"alwaysandfornever.fool", "provider"=>"google", "name"=>"Terrible deep", "email"=>"never@publish.me", "description"=>"", "theme"=>"general"}, "commit"=>"Sign up"} and HTTP headers {"HTTP_REFERER"=>"/users/new?user[uid]=alwaysandfornever.fool&user[provider]=google"}
REQUESTING PAGE: GET http://www.example.com/users/1 with {} and HTTP headers {"HTTP_REFERER"=>"/users"}
REQUESTING PAGE: GET /events with {} and HTTP headers {"HTTP_REFERER"=>"http://www.example.com/users/1"}
REQUESTING PAGE: GET /events/new with {} and HTTP headers {"HTTP_REFERER"=>"/events"}
REQUESTING PAGE: POST /events with {"utf8"=>"\xE2\x9C\x93", "event"=>{"name"=>"", "price"=>"no price info", "date(1i)"=>"2011", "date(2i)"=>"2", "date(3i)"=>"5", "time"=>"", "venue_id"=>"no_venue", "address"=>"", "city"=>"Chicago, IL", "description"=>"", "links_attributes"=>{"0"=>{"url"=>"", "text"=>""}, "1"=>{"url"=>"", "text"=>""}, "2"=>{"url"=>"", "text"=>""}, "3"=>{"url"=>"", "text"=>""}}}, "commit"=>"Create Event"} and HTTP headers {"HTTP_REFERER"=>"/events/new"}
REQUESTING PAGE: GET /users/new?user[uid]=alwaysandfornever.fool&user[provider]=google with {} and HTTP headers {}
REQUESTING PAGE: POST /users with {"utf8"=>"\xE2\x9C\x93", "user"=>{"uid"=>"alwaysandfornever.fool", "provider"=>"google", "name"=>"Terrible deep", "email"=>"never@publish.me", "description"=>"", "theme"=>"general"}, "commit"=>"Sign up"} and HTTP headers {"HTTP_REFERER"=>"/users/new?user[uid]=alwaysandfornever.fool&user[provider]=google"}
REQUESTING PAGE: GET http://www.example.com/users/1 with {} and HTTP headers {"HTTP_REFERER"=>"/users"}
REQUESTING PAGE: GET /events/new with {} and HTTP headers {"HTTP_REFERER"=>"http://www.example.com/users/1"}
REQUESTING PAGE: POST /events with {"utf8"=>"\xE2\x9C\x93", "event"=>{"name"=>"Hilarious time", "price"=>"no price info", "date(1i)"=>"2011", "date(2i)"=>"2", "date(3i)"=>"5", "time"=>"", "venue_id"=>"no_venue", "address"=>"1234 Happy Street", "city"=>"Chicago, IL", "description"=>"This is going to be funny as shit.", "links_attributes"=>{"0"=>{"url"=>"", "text"=>""}, "1"=>{"url"=>"", "text"=>""}, "2"=>{"url"=>"", "text"=>""}, "3"=>{"url"=>"", "text"=>""}}}, "commit"=>"Create Event"} and HTTP headers {"HTTP_REFERER"=>"/events/new"}
REQUESTING PAGE: GET http://www.example.com/events/1 with {} and HTTP headers {"HTTP_REFERER"=>"/events"}
REQUESTING PAGE: GET /users/new?user[uid]=alwaysandfornever.fool&user[provider]=google with {} and HTTP headers {}
REQUESTING PAGE: POST /users with {"utf8"=>"\xE2\x9C\x93", "user"=>{"uid"=>"alwaysandfornever.fool", "provider"=>"google", "name"=>"Terrible deep", "email"=>"never@publish.me", "description"=>"", "theme"=>"general"}, "commit"=>"Sign up"} and HTTP headers {"HTTP_REFERER"=>"/users/new?user[uid]=alwaysandfornever.fool&user[provider]=google"}
REQUESTING PAGE: GET http://www.example.com/users/1 with {} and HTTP headers {"HTTP_REFERER"=>"/users"}
REQUESTING PAGE: GET /events with {} and HTTP headers {"HTTP_REFERER"=>"http://www.example.com/users/1"}
REQUESTING PAGE: GET /events with {"utf8"=>"\xE2\x9C\x93", "commit"=>"This month's events", "price_text"=>""} and HTTP headers {"HTTP_REFERER"=>"/events"}
REQUESTING PAGE: GET /events with {"utf8"=>"\xE2\x9C\x93", "commit"=>"Past events", "price_text"=>""} and HTTP headers {"HTTP_REFERER"=>"/events"}
REQUESTING PAGE: GET /events with {"utf8"=>"\xE2\x9C\x93", "commit"=>"This week's events", "price_text"=>""} and HTTP headers {"HTTP_REFERER"=>"/events"}
REQUESTING PAGE: GET /events with {"utf8"=>"\xE2\x9C\x93", "commit"=>"Today's events", "price_text"=>""} and HTTP headers {"HTTP_REFERER"=>"/events"}
REQUESTING PAGE: GET /events with {"utf8"=>"\xE2\x9C\x93", "commit"=>"All upcoming events", "price_text"=>""} and HTTP headers {"HTTP_REFERER"=>"/events"}
REQUESTING PAGE: GET /users/new?user[uid]=alwaysandfornever.fool&user[provider]=google with {} and HTTP headers {}
REQUESTING PAGE: POST /users with {"utf8"=>"\xE2\x9C\x93", "user"=>{"uid"=>"alwaysandfornever.fool", "provider"=>"google", "name"=>"Terrible deep", "email"=>"never@publish.me", "description"=>"", "theme"=>"general"}, "commit"=>"Sign up"} and HTTP headers {"HTTP_REFERER"=>"/users/new?user[uid]=alwaysandfornever.fool&user[provider]=google"}
REQUESTING PAGE: GET http://www.example.com/users/1 with {} and HTTP headers {"HTTP_REFERER"=>"/users"}
REQUESTING PAGE: GET / with {} and HTTP headers {"HTTP_REFERER"=>"http://www.example.com/users/1"}
REQUESTING PAGE: GET /users/new?user[uid]=alwaysandfornever.fool&user[provider]=google with {} and HTTP headers {}
REQUESTING PAGE: POST /users with {"utf8"=>"\xE2\x9C\x93", "user"=>{"uid"=>"alwaysandfornever.fool", "provider"=>"google", "name"=>"Terrible deep", "email"=>"never@publish.me", "description"=>"", "theme"=>"general"}, "commit"=>"Sign up"} and HTTP headers {"HTTP_REFERER"=>"/users/new?user[uid]=alwaysandfornever.fool&user[provider]=google"}
REQUESTING PAGE: GET http://www.example.com/users/1 with {} and HTTP headers {"HTTP_REFERER"=>"/users"}
REQUESTING PAGE: GET /events with {} and HTTP headers {"HTTP_REFERER"=>"http://www.example.com/users/1"}
REQUESTING PAGE: GET /events/new with {} and HTTP headers {"HTTP_REFERER"=>"/events"}
REQUESTING PAGE: POST /events with {"utf8"=>"\xE2\x9C\x93", "event"=>{"name"=>"", "price"=>"no price info", "date(1i)"=>"2011", "date(2i)"=>"2", "date(3i)"=>"5", "time"=>"", "venue_id"=>"no_venue", "address"=>"", "city"=>"Chicago, IL", "description"=>"", "links_attributes"=>{"0"=>{"url"=>"", "text"=>""}, "1"=>{"url"=>"", "text"=>""}, "2"=>{"url"=>"", "text"=>""}, "3"=>{"url"=>"", "text"=>""}}}, "commit"=>"Create Event"} and HTTP headers {"HTTP_REFERER"=>"/events/new"}
REQUESTING PAGE: GET /users/new?user[uid]=alwaysandfornever.fool&user[provider]=google with {} and HTTP headers {}
REQUESTING PAGE: POST /users with {"utf8"=>"\xE2\x9C\x93", "user"=>{"uid"=>"alwaysandfornever.fool", "provider"=>"google", "name"=>"Terrible deep", "email"=>"never@publish.me", "description"=>"", "theme"=>"general"}, "commit"=>"Sign up"} and HTTP headers {"HTTP_REFERER"=>"/users/new?user[uid]=alwaysandfornever.fool&user[provider]=google"}
REQUESTING PAGE: GET http://www.example.com/users/1 with {} and HTTP headers {"HTTP_REFERER"=>"/users"}
REQUESTING PAGE: GET /events/new with {} and HTTP headers {"HTTP_REFERER"=>"http://www.example.com/users/1"}
REQUESTING PAGE: POST /events with {"utf8"=>"\xE2\x9C\x93", "event"=>{"name"=>"Hilarious time", "price"=>"no price info", "date(1i)"=>"2011", "date(2i)"=>"2", "date(3i)"=>"5", "time"=>"", "venue_id"=>"no_venue", "address"=>"1234 Happy Street", "city"=>"Chicago, IL", "description"=>"This is going to be funny as shit.", "links_attributes"=>{"0"=>{"url"=>"", "text"=>""}, "1"=>{"url"=>"", "text"=>""}, "2"=>{"url"=>"", "text"=>""}, "3"=>{"url"=>"", "text"=>""}}}, "commit"=>"Create Event"} and HTTP headers {"HTTP_REFERER"=>"/events/new"}
REQUESTING PAGE: GET http://www.example.com/events/1 with {} and HTTP headers {"HTTP_REFERER"=>"/events"}
REQUESTING PAGE: GET /users/new?user[uid]=alwaysandfornever.fool&user[provider]=google with {} and HTTP headers {}
REQUESTING PAGE: POST /users with {"utf8"=>"\xE2\x9C\x93", "user"=>{"uid"=>"alwaysandfornever.fool", "provider"=>"google", "name"=>"Terrible deep", "email"=>"never@publish.me", "description"=>"", "theme"=>"general"}, "commit"=>"Sign up"} and HTTP headers {"HTTP_REFERER"=>"/users/new?user[uid]=alwaysandfornever.fool&user[provider]=google"}
REQUESTING PAGE: GET http://www.example.com/users/1 with {} and HTTP headers {"HTTP_REFERER"=>"/users"}
REQUESTING PAGE: GET /events with {} and HTTP headers {"HTTP_REFERER"=>"http://www.example.com/users/1"}
REQUESTING PAGE: GET /events with {"utf8"=>"\xE2\x9C\x93", "commit"=>"This month's events", "price_text"=>""} and HTTP headers {"HTTP_REFERER"=>"/events"}
REQUESTING PAGE: GET /events with {"utf8"=>"\xE2\x9C\x93", "commit"=>"Past events", "price_text"=>""} and HTTP headers {"HTTP_REFERER"=>"/events"}
REQUESTING PAGE: GET /events with {"utf8"=>"\xE2\x9C\x93", "commit"=>"This week's events", "price_text"=>""} and HTTP headers {"HTTP_REFERER"=>"/events"}
REQUESTING PAGE: GET /events with {"utf8"=>"\xE2\x9C\x93", "commit"=>"Today's events", "price_text"=>""} and HTTP headers {"HTTP_REFERER"=>"/events"}
REQUESTING PAGE: GET /events with {"utf8"=>"\xE2\x9C\x93", "commit"=>"All upcoming events", "price_text"=>""} and HTTP headers {"HTTP_REFERER"=>"/events"}
REQUESTING PAGE: GET /users/new?user[uid]=alwaysandfornever.fool&user[provider]=google with {} and HTTP headers {}
REQUESTING PAGE: POST /users with {"utf8"=>"\xE2\x9C\x93", "user"=>{"uid"=>"alwaysandfornever.fool", "provider"=>"google", "name"=>"Terrible deep", "email"=>"never@publish.me", "description"=>"", "theme"=>"general"}, "commit"=>"Sign up"} and HTTP headers {"HTTP_REFERER"=>"/users/new?user[uid]=alwaysandfornever.fool&user[provider]=google"}
REQUESTING PAGE: GET http://www.example.com/users/1 with {} and HTTP headers {"HTTP_REFERER"=>"/users"}
REQUESTING PAGE: GET / with {} and HTTP headers {"HTTP_REFERER"=>"http://www.example.com/users/1"}
REQUESTING PAGE: GET /users/new?user[uid]=alwaysandfornever.fool&user[provider]=google with {} and HTTP headers {}
REQUESTING PAGE: POST /users with {"utf8"=>"\xE2\x9C\x93", "user"=>{"uid"=>"alwaysandfornever.fool", "provider"=>"google", "name"=>"Terrible deep", "email"=>"never@publish.me", "description"=>"", "theme"=>"general"}, "commit"=>"Sign up"} and HTTP headers {"HTTP_REFERER"=>"/users/new?user[uid]=alwaysandfornever.fool&user[provider]=google"}
REQUESTING PAGE: GET http://www.example.com/users/1 with {} and HTTP headers {"HTTP_REFERER"=>"/users"}
REQUESTING PAGE: GET /events with {} and HTTP headers {"HTTP_REFERER"=>"http://www.example.com/users/1"}
REQUESTING PAGE: GET /events/new with {} and HTTP headers {"HTTP_REFERER"=>"/events"}
REQUESTING PAGE: POST /events with {"utf8"=>"\xE2\x9C\x93", "event"=>{"name"=>"", "price"=>"no price info", "date(1i)"=>"2011", "date(2i)"=>"2", "date(3i)"=>"5", "time"=>"", "venue_id"=>"no_venue", "address"=>"", "city"=>"Chicago, IL", "description"=>"", "links_attributes"=>{"0"=>{"url"=>"", "text"=>""}, "1"=>{"url"=>"", "text"=>""}, "2"=>{"url"=>"", "text"=>""}, "3"=>{"url"=>"", "text"=>""}}}, "commit"=>"Create Event"} and HTTP headers {"HTTP_REFERER"=>"/events/new"}
REQUESTING PAGE: GET /users/new?user[uid]=alwaysandfornever.fool&user[provider]=google with {} and HTTP headers {}
REQUESTING PAGE: POST /users with {"utf8"=>"\xE2\x9C\x93", "user"=>{"uid"=>"alwaysandfornever.fool", "provider"=>"google", "name"=>"Terrible deep", "email"=>"never@publish.me", "description"=>"", "theme"=>"general"}, "commit"=>"Sign up"} and HTTP headers {"HTTP_REFERER"=>"/users/new?user[uid]=alwaysandfornever.fool&user[provider]=google"}
REQUESTING PAGE: GET http://www.example.com/users/1 with {} and HTTP headers {"HTTP_REFERER"=>"/users"}
REQUESTING PAGE: GET /events/new with {} and HTTP headers {"HTTP_REFERER"=>"http://www.example.com/users/1"}
REQUESTING PAGE: POST /events with {"utf8"=>"\xE2\x9C\x93", "event"=>{"name"=>"Hilarious time", "price"=>"no price info", "date(1i)"=>"2011", "date(2i)"=>"2", "date(3i)"=>"5", "time"=>"", "venue_id"=>"no_venue", "address"=>"1234 Happy Street", "city"=>"Chicago, IL", "description"=>"This is going to be funny as shit.", "links_attributes"=>{"0"=>{"url"=>"", "text"=>""}, "1"=>{"url"=>"", "text"=>""}, "2"=>{"url"=>"", "text"=>""}, "3"=>{"url"=>"", "text"=>""}}}, "commit"=>"Create Event"} and HTTP headers {"HTTP_REFERER"=>"/events/new"}
REQUESTING PAGE: GET http://www.example.com/events/1 with {} and HTTP headers {"HTTP_REFERER"=>"/events"}
REQUESTING PAGE: GET /users/new?user[uid]=alwaysandfornever.fool&user[provider]=google with {} and HTTP headers {}
REQUESTING PAGE: POST /users with {"utf8"=>"\xE2\x9C\x93", "user"=>{"uid"=>"alwaysandfornever.fool", "provider"=>"google", "name"=>"Terrible deep", "email"=>"never@publish.me", "description"=>"", "theme"=>"general"}, "commit"=>"Sign up"} and HTTP headers {"HTTP_REFERER"=>"/users/new?user[uid]=alwaysandfornever.fool&user[provider]=google"}
REQUESTING PAGE: GET http://www.example.com/users/1 with {} and HTTP headers {"HTTP_REFERER"=>"/users"}
REQUESTING PAGE: GET /events with {} and HTTP headers {"HTTP_REFERER"=>"http://www.example.com/users/1"}
REQUESTING PAGE: GET /events with {"utf8"=>"\xE2\x9C\x93", "commit"=>"This month's events", "price_text"=>""} and HTTP headers {"HTTP_REFERER"=>"/events"}
REQUESTING PAGE: GET /events with {"utf8"=>"\xE2\x9C\x93", "commit"=>"Past events", "price_text"=>""} and HTTP headers {"HTTP_REFERER"=>"/events"}
REQUESTING PAGE: GET /events with {"utf8"=>"\xE2\x9C\x93", "commit"=>"This week's events", "price_text"=>""} and HTTP headers {"HTTP_REFERER"=>"/events"}
REQUESTING PAGE: GET /events with {"utf8"=>"\xE2\x9C\x93", "commit"=>"Today's events", "price_text"=>""} and HTTP headers {"HTTP_REFERER"=>"/events"}
REQUESTING PAGE: GET /events with {"utf8"=>"\xE2\x9C\x93", "commit"=>"All upcoming events", "price_text"=>""} and HTTP headers {"HTTP_REFERER"=>"/events"}
REQUESTING PAGE: GET /users/new?user[uid]=alwaysandfornever.fool&user[provider]=google with {} and HTTP headers {}
REQUESTING PAGE: POST /users with {"utf8"=>"\xE2\x9C\x93", "user"=>{"uid"=>"alwaysandfornever.fool", "provider"=>"google", "name"=>"Terrible deep", "email"=>"never@publish.me", "description"=>"", "theme"=>"general"}, "commit"=>"Sign up"} and HTTP headers {"HTTP_REFERER"=>"/users/new?user[uid]=alwaysandfornever.fool&user[provider]=google"}
REQUESTING PAGE: GET http://www.example.com/users/1 with {} and HTTP headers {"HTTP_REFERER"=>"/users"}
REQUESTING PAGE: GET / with {} and HTTP headers {"HTTP_REFERER"=>"http://www.example.com/users/1"}
REQUESTING PAGE: GET /search with {"utf8"=>"\xE2\x9C\x93", "search"=>""} and HTTP headers {"HTTP_REFERER"=>"/"}
REQUESTING PAGE: GET /users/new?user[uid]=alwaysandfornever.fool&user[provider]=google with {} and HTTP headers {}
REQUESTING PAGE: POST /users with {"utf8"=>"\xE2\x9C\x93", "user"=>{"uid"=>"alwaysandfornever.fool", "provider"=>"google", "name"=>"Terrible deep", "email"=>"never@publish.me", "description"=>"", "theme"=>"general"}, "commit"=>"Sign up"} and HTTP headers {"HTTP_REFERER"=>"/users/new?user[uid]=alwaysandfornever.fool&user[provider]=google"}
REQUESTING PAGE: GET http://www.example.com/users/1 with {} and HTTP headers {"HTTP_REFERER"=>"/users"}
REQUESTING PAGE: GET /events with {} and HTTP headers {"HTTP_REFERER"=>"http://www.example.com/users/1"}
REQUESTING PAGE: GET /events/new with {} and HTTP headers {"HTTP_REFERER"=>"/events"}
REQUESTING PAGE: POST /events with {"utf8"=>"\xE2\x9C\x93", "event"=>{"name"=>"", "price"=>"no price info", "date(1i)"=>"2011", "date(2i)"=>"2", "date(3i)"=>"6", "time"=>"", "venue_id"=>"no_venue", "address"=>"", "city"=>"Chicago, IL", "description"=>"", "links_attributes"=>{"0"=>{"url"=>"", "text"=>""}, "1"=>{"url"=>"", "text"=>""}, "2"=>{"url"=>"", "text"=>""}, "3"=>{"url"=>"", "text"=>""}}}, "commit"=>"Create Event"} and HTTP headers {"HTTP_REFERER"=>"/events/new"}
REQUESTING PAGE: GET /users/new?user[uid]=alwaysandfornever.fool&user[provider]=google with {} and HTTP headers {}
REQUESTING PAGE: POST /users with {"utf8"=>"\xE2\x9C\x93", "user"=>{"uid"=>"alwaysandfornever.fool", "provider"=>"google", "name"=>"Terrible deep", "email"=>"never@publish.me", "description"=>"", "theme"=>"general"}, "commit"=>"Sign up"} and HTTP headers {"HTTP_REFERER"=>"/users/new?user[uid]=alwaysandfornever.fool&user[provider]=google"}
REQUESTING PAGE: GET http://www.example.com/users/1 with {} and HTTP headers {"HTTP_REFERER"=>"/users"}
REQUESTING PAGE: GET /events/new with {} and HTTP headers {"HTTP_REFERER"=>"http://www.example.com/users/1"}
REQUESTING PAGE: POST /events with {"utf8"=>"\xE2\x9C\x93", "event"=>{"name"=>"Hilarious time", "price"=>"no price info", "date(1i)"=>"2011", "date(2i)"=>"2", "date(3i)"=>"6", "time"=>"", "venue_id"=>"no_venue", "address"=>"1234 Happy Street", "city"=>"Chicago, IL", "description"=>"This is going to be funny as shit.", "links_attributes"=>{"0"=>{"url"=>"", "text"=>""}, "1"=>{"url"=>"", "text"=>""}, "2"=>{"url"=>"", "text"=>""}, "3"=>{"url"=>"", "text"=>""}}}, "commit"=>"Create Event"} and HTTP headers {"HTTP_REFERER"=>"/events/new"}
REQUESTING PAGE: GET http://www.example.com/events/1 with {} and HTTP headers {"HTTP_REFERER"=>"/events"}
REQUESTING PAGE: GET /users/new?user[uid]=alwaysandfornever.fool&user[provider]=google with {} and HTTP headers {}
REQUESTING PAGE: POST /users with {"utf8"=>"\xE2\x9C\x93", "user"=>{"uid"=>"alwaysandfornever.fool", "provider"=>"google", "name"=>"Terrible deep", "email"=>"never@publish.me", "description"=>"", "theme"=>"general"}, "commit"=>"Sign up"} and HTTP headers {"HTTP_REFERER"=>"/users/new?user[uid]=alwaysandfornever.fool&user[provider]=google"}
REQUESTING PAGE: GET http://www.example.com/users/1 with {} and HTTP headers {"HTTP_REFERER"=>"/users"}
REQUESTING PAGE: GET /events with {} and HTTP headers {"HTTP_REFERER"=>"http://www.example.com/users/1"}
REQUESTING PAGE: GET /events with {"utf8"=>"\xE2\x9C\x93", "commit"=>"This month's events", "price_text"=>""} and HTTP headers {"HTTP_REFERER"=>"/events"}
REQUESTING PAGE: GET /events with {"utf8"=>"\xE2\x9C\x93", "commit"=>"Past events", "price_text"=>""} and HTTP headers {"HTTP_REFERER"=>"/events"}
REQUESTING PAGE: GET /events with {"utf8"=>"\xE2\x9C\x93", "commit"=>"This week's events", "price_text"=>""} and HTTP headers {"HTTP_REFERER"=>"/events"}
REQUESTING PAGE: GET /events with {"utf8"=>"\xE2\x9C\x93", "commit"=>"Today's events", "price_text"=>""} and HTTP headers {"HTTP_REFERER"=>"/events"}
REQUESTING PAGE: GET /events with {"utf8"=>"\xE2\x9C\x93", "commit"=>"All upcoming events", "price_text"=>""} and HTTP headers {"HTTP_REFERER"=>"/events"}
REQUESTING PAGE: GET /users/new?user[uid]=alwaysandfornever.fool&user[provider]=google with {} and HTTP headers {}
REQUESTING PAGE: POST /users with {"utf8"=>"\xE2\x9C\x93", "user"=>{"uid"=>"alwaysandfornever.fool", "provider"=>"google", "name"=>"Terrible deep", "email"=>"never@publish.me", "description"=>"", "theme"=>"general"}, "commit"=>"Sign up"} and HTTP headers {"HTTP_REFERER"=>"/users/new?user[uid]=alwaysandfornever.fool&user[provider]=google"}
REQUESTING PAGE: GET http://www.example.com/users/1 with {} and HTTP headers {"HTTP_REFERER"=>"/users"}
REQUESTING PAGE: GET / with {} and HTTP headers {"HTTP_REFERER"=>"http://www.example.com/users/1"}
REQUESTING PAGE: GET /search with {"utf8"=>"\xE2\x9C\x93", "event"=>"", "search"=>""} and HTTP headers {"HTTP_REFERER"=>"/"}
REQUESTING PAGE: GET /users/new?user[uid]=alwaysandfornever.fool&user[provider]=google with {} and HTTP headers {}
REQUESTING PAGE: POST /users with {"utf8"=>"\xE2\x9C\x93", "user"=>{"uid"=>"alwaysandfornever.fool", "provider"=>"google", "name"=>"Terrible deep", "email"=>"never@publish.me", "description"=>"", "theme"=>"general"}, "commit"=>"Sign up"} and HTTP headers {"HTTP_REFERER"=>"/users/new?user[uid]=alwaysandfornever.fool&user[provider]=google"}
REQUESTING PAGE: GET http://www.example.com/users/1 with {} and HTTP headers {"HTTP_REFERER"=>"/users"}
REQUESTING PAGE: GET /events with {} and HTTP headers {"HTTP_REFERER"=>"http://www.example.com/users/1"}
REQUESTING PAGE: GET /events/new with {} and HTTP headers {"HTTP_REFERER"=>"/events"}
REQUESTING PAGE: POST /events with {"utf8"=>"\xE2\x9C\x93", "event"=>{"name"=>"", "price"=>"no price info", "date(1i)"=>"2011", "date(2i)"=>"2", "date(3i)"=>"6", "time"=>"", "venue_id"=>"no_venue", "address"=>"", "city"=>"Chicago, IL", "description"=>"", "links_attributes"=>{"0"=>{"url"=>"", "text"=>""}, "1"=>{"url"=>"", "text"=>""}, "2"=>{"url"=>"", "text"=>""}, "3"=>{"url"=>"", "text"=>""}}}, "commit"=>"Create Event"} and HTTP headers {"HTTP_REFERER"=>"/events/new"}
REQUESTING PAGE: GET /users/new?user[uid]=alwaysandfornever.fool&user[provider]=google with {} and HTTP headers {}
REQUESTING PAGE: POST /users with {"utf8"=>"\xE2\x9C\x93", "user"=>{"uid"=>"alwaysandfornever.fool", "provider"=>"google", "name"=>"Terrible deep", "email"=>"never@publish.me", "description"=>"", "theme"=>"general"}, "commit"=>"Sign up"} and HTTP headers {"HTTP_REFERER"=>"/users/new?user[uid]=alwaysandfornever.fool&user[provider]=google"}
REQUESTING PAGE: GET http://www.example.com/users/1 with {} and HTTP headers {"HTTP_REFERER"=>"/users"}
REQUESTING PAGE: GET /events/new with {} and HTTP headers {"HTTP_REFERER"=>"http://www.example.com/users/1"}
REQUESTING PAGE: POST /events with {"utf8"=>"\xE2\x9C\x93", "event"=>{"name"=>"Hilarious time", "price"=>"no price info", "date(1i)"=>"2011", "date(2i)"=>"2", "date(3i)"=>"6", "time"=>"", "venue_id"=>"no_venue", "address"=>"1234 Happy Street", "city"=>"Chicago, IL", "description"=>"This is going to be funny as shit.", "links_attributes"=>{"0"=>{"url"=>"", "text"=>""}, "1"=>{"url"=>"", "text"=>""}, "2"=>{"url"=>"", "text"=>""}, "3"=>{"url"=>"", "text"=>""}}}, "commit"=>"Create Event"} and HTTP headers {"HTTP_REFERER"=>"/events/new"}
REQUESTING PAGE: GET http://www.example.com/events/1 with {} and HTTP headers {"HTTP_REFERER"=>"/events"}
REQUESTING PAGE: GET /users/new?user[uid]=alwaysandfornever.fool&user[provider]=google with {} and HTTP headers {}
REQUESTING PAGE: POST /users with {"utf8"=>"\xE2\x9C\x93", "user"=>{"uid"=>"alwaysandfornever.fool", "provider"=>"google", "name"=>"Terrible deep", "email"=>"never@publish.me", "description"=>"", "theme"=>"general"}, "commit"=>"Sign up"} and HTTP headers {"HTTP_REFERER"=>"/users/new?user[uid]=alwaysandfornever.fool&user[provider]=google"}
REQUESTING PAGE: GET http://www.example.com/users/1 with {} and HTTP headers {"HTTP_REFERER"=>"/users"}
REQUESTING PAGE: GET /events with {} and HTTP headers {"HTTP_REFERER"=>"http://www.example.com/users/1"}
REQUESTING PAGE: GET /events with {"utf8"=>"\xE2\x9C\x93", "commit"=>"This month's events", "price_text"=>""} and HTTP headers {"HTTP_REFERER"=>"/events"}
REQUESTING PAGE: GET /events with {"utf8"=>"\xE2\x9C\x93", "commit"=>"Past events", "price_text"=>""} and HTTP headers {"HTTP_REFERER"=>"/events"}
REQUESTING PAGE: GET /events with {"utf8"=>"\xE2\x9C\x93", "commit"=>"This week's events", "price_text"=>""} and HTTP headers {"HTTP_REFERER"=>"/events"}
REQUESTING PAGE: GET /events with {"utf8"=>"\xE2\x9C\x93", "commit"=>"Today's events", "price_text"=>""} and HTTP headers {"HTTP_REFERER"=>"/events"}
REQUESTING PAGE: GET /events with {"utf8"=>"\xE2\x9C\x93", "commit"=>"All upcoming events", "price_text"=>""} and HTTP headers {"HTTP_REFERER"=>"/events"}
REQUESTING PAGE: GET /users/new?user[uid]=alwaysandfornever.fool&user[provider]=google with {} and HTTP headers {}
REQUESTING PAGE: POST /users with {"utf8"=>"\xE2\x9C\x93", "user"=>{"uid"=>"alwaysandfornever.fool", "provider"=>"google", "name"=>"Terrible deep", "email"=>"never@publish.me", "description"=>"", "theme"=>"general"}, "commit"=>"Sign up"} and HTTP headers {"HTTP_REFERER"=>"/users/new?user[uid]=alwaysandfornever.fool&user[provider]=google"}
REQUESTING PAGE: GET http://www.example.com/users/1 with {} and HTTP headers {"HTTP_REFERER"=>"/users"}
REQUESTING PAGE: GET / with {} and HTTP headers {"HTTP_REFERER"=>"http://www.example.com/users/1"}
REQUESTING PAGE: GET /search with {"utf8"=>"\xE2\x9C\x93", "event"=>"1", "user"=>"1", "venue"=>"1", "search"=>""} and HTTP headers {"HTTP_REFERER"=>"/"}
REQUESTING PAGE: GET /users/new?user[uid]=alwaysandfornever.fool&user[provider]=google with {} and HTTP headers {}
REQUESTING PAGE: GET /users/new?user[uid]=alwaysandfornever.fool&user[provider]=google with {} and HTTP headers {}
REQUESTING PAGE: GET /users/new?user[uid]=alwaysandfornever.fool&user[provider]=google with {} and HTTP headers {}
REQUESTING PAGE: GET /users/new?user[uid]=alwaysandfornever.fool&user[provider]=google with {} and HTTP headers {}
REQUESTING PAGE: GET /users/new?user[uid]=alwaysandfornever.fool&user[provider]=google with {} and HTTP headers {}
REQUESTING PAGE: POST /users with {"utf8"=>"\xE2\x9C\x93", "user"=>{"uid"=>"alwaysandfornever.fool", "provider"=>"google", "name"=>"Terrible deep", "email"=>"never@publish.me", "description"=>"I never want to die but always fear I will.", "theme"=>"general"}, "commit"=>"Sign up"} and HTTP headers {"HTTP_REFERER"=>"/users/new?user[uid]=alwaysandfornever.fool&user[provider]=google"}
REQUESTING PAGE: GET http://www.example.com/users/1 with {} and HTTP headers {"HTTP_REFERER"=>"/users"}
REQUESTING PAGE: GET /events with {} and HTTP headers {"HTTP_REFERER"=>"http://www.example.com/users/1"}
REQUESTING PAGE: GET /events/new with {} and HTTP headers {"HTTP_REFERER"=>"/events"}
REQUESTING PAGE: POST /events with {"utf8"=>"\xE2\x9C\x93", "event"=>{"name"=>"", "price"=>"no price info", "date(1i)"=>"2011", "date(2i)"=>"2", "date(3i)"=>"6", "time"=>"", "venue_id"=>"no_venue", "address"=>"", "city"=>"Chicago, IL", "description"=>"", "links_attributes"=>{"0"=>{"url"=>"", "text"=>""}, "1"=>{"url"=>"", "text"=>""}, "2"=>{"url"=>"", "text"=>""}, "3"=>{"url"=>"", "text"=>""}}}, "commit"=>"Create Event"} and HTTP headers {"HTTP_REFERER"=>"/events/new"}
REQUESTING PAGE: GET /users/new?user[uid]=alwaysandfornever.fool&user[provider]=google with {} and HTTP headers {}
REQUESTING PAGE: POST /users with {"utf8"=>"\xE2\x9C\x93", "user"=>{"uid"=>"alwaysandfornever.fool", "provider"=>"google", "name"=>"Terrible deep", "email"=>"never@publish.me", "description"=>"I never want to die but always fear I will.", "theme"=>"general"}, "commit"=>"Sign up"} and HTTP headers {"HTTP_REFERER"=>"/users/new?user[uid]=alwaysandfornever.fool&user[provider]=google"}
REQUESTING PAGE: GET http://www.example.com/users/1 with {} and HTTP headers {"HTTP_REFERER"=>"/users"}
REQUESTING PAGE: GET /events/new with {} and HTTP headers {"HTTP_REFERER"=>"http://www.example.com/users/1"}
REQUESTING PAGE: POST /events with {"utf8"=>"\xE2\x9C\x93", "event"=>{"name"=>"Hilarious time", "price"=>"no price info", "date(1i)"=>"2011", "date(2i)"=>"2", "date(3i)"=>"6", "time"=>"", "venue_id"=>"no_venue", "address"=>"1234 Happy Street", "city"=>"Chicago, IL", "description"=>"This is going to be funny as shit.", "links_attributes"=>{"0"=>{"url"=>"", "text"=>""}, "1"=>{"url"=>"", "text"=>""}, "2"=>{"url"=>"", "text"=>""}, "3"=>{"url"=>"", "text"=>""}}}, "commit"=>"Create Event"} and HTTP headers {"HTTP_REFERER"=>"/events/new"}
REQUESTING PAGE: GET http://www.example.com/events/1 with {} and HTTP headers {"HTTP_REFERER"=>"/events"}
REQUESTING PAGE: GET /users/new?user[uid]=alwaysandfornever.fool&user[provider]=google with {} and HTTP headers {}
REQUESTING PAGE: POST /users with {"utf8"=>"\xE2\x9C\x93", "user"=>{"uid"=>"alwaysandfornever.fool", "provider"=>"google", "name"=>"Terrible deep", "email"=>"never@publish.me", "description"=>"I never want to die but always fear I will.", "theme"=>"general"}, "commit"=>"Sign up"} and HTTP headers {"HTTP_REFERER"=>"/users/new?user[uid]=alwaysandfornever.fool&user[provider]=google"}
REQUESTING PAGE: GET http://www.example.com/users/1 with {} and HTTP headers {"HTTP_REFERER"=>"/users"}
REQUESTING PAGE: GET /events with {} and HTTP headers {"HTTP_REFERER"=>"http://www.example.com/users/1"}
REQUESTING PAGE: GET /events with {"utf8"=>"\xE2\x9C\x93", "commit"=>"This month's events", "price_text"=>""} and HTTP headers {"HTTP_REFERER"=>"/events"}
REQUESTING PAGE: GET /events with {"utf8"=>"\xE2\x9C\x93", "commit"=>"Past events", "price_text"=>""} and HTTP headers {"HTTP_REFERER"=>"/events"}
REQUESTING PAGE: GET /events with {"utf8"=>"\xE2\x9C\x93", "commit"=>"This week's events", "price_text"=>""} and HTTP headers {"HTTP_REFERER"=>"/events"}
REQUESTING PAGE: GET /events with {"utf8"=>"\xE2\x9C\x93", "commit"=>"Today's events", "price_text"=>""} and HTTP headers {"HTTP_REFERER"=>"/events"}
REQUESTING PAGE: GET /events with {"utf8"=>"\xE2\x9C\x93", "commit"=>"All upcoming events", "price_text"=>""} and HTTP headers {"HTTP_REFERER"=>"/events"}
REQUESTING PAGE: GET /users/new?user[uid]=alwaysandfornever.fool&user[provider]=google with {} and HTTP headers {}
REQUESTING PAGE: POST /users with {"utf8"=>"\xE2\x9C\x93", "user"=>{"uid"=>"alwaysandfornever.fool", "provider"=>"google", "name"=>"Terrible deep", "email"=>"never@publish.me", "description"=>"I never want to die but always fear I will.", "theme"=>"general"}, "commit"=>"Sign up"} and HTTP headers {"HTTP_REFERER"=>"/users/new?user[uid]=alwaysandfornever.fool&user[provider]=google"}
REQUESTING PAGE: GET http://www.example.com/users/1 with {} and HTTP headers {"HTTP_REFERER"=>"/users"}
REQUESTING PAGE: GET / with {} and HTTP headers {"HTTP_REFERER"=>"http://www.example.com/users/1"}
REQUESTING PAGE: GET /search with {"utf8"=>"\xE2\x9C\x93", "event"=>"1", "user"=>"1", "venue"=>"1", "search"=>""} and HTTP headers {"HTTP_REFERER"=>"/"}
REQUESTING PAGE: GET /users/new?user[uid]=alwaysandfornever.fool&user[provider]=google with {} and HTTP headers {}
REQUESTING PAGE: POST /users with {"utf8"=>"\xE2\x9C\x93", "user"=>{"uid"=>"alwaysandfornever.fool", "provider"=>"google", "name"=>"Terrible deep", "email"=>"never@publish.me", "description"=>"I never want to die but always fear I will.", "theme"=>"general"}, "commit"=>"Sign up"} and HTTP headers {"HTTP_REFERER"=>"/users/new?user[uid]=alwaysandfornever.fool&user[provider]=google"}
REQUESTING PAGE: GET http://www.example.com/users/1 with {} and HTTP headers {"HTTP_REFERER"=>"/users"}
REQUESTING PAGE: GET /events with {} and HTTP headers {"HTTP_REFERER"=>"http://www.example.com/users/1"}
REQUESTING PAGE: GET /events/new with {} and HTTP headers {"HTTP_REFERER"=>"/events"}
REQUESTING PAGE: POST /events with {"utf8"=>"\xE2\x9C\x93", "event"=>{"name"=>"", "price"=>"no price info", "date(1i)"=>"2011", "date(2i)"=>"2", "date(3i)"=>"6", "time"=>"", "venue_id"=>"no_venue", "address"=>"", "city"=>"Chicago, IL", "description"=>"", "links_attributes"=>{"0"=>{"url"=>"", "text"=>""}, "1"=>{"url"=>"", "text"=>""}, "2"=>{"url"=>"", "text"=>""}, "3"=>{"url"=>"", "text"=>""}}}, "commit"=>"Create Event"} and HTTP headers {"HTTP_REFERER"=>"/events/new"}
REQUESTING PAGE: GET /users/new?user[uid]=alwaysandfornever.fool&user[provider]=google with {} and HTTP headers {}
REQUESTING PAGE: POST /users with {"utf8"=>"\xE2\x9C\x93", "user"=>{"uid"=>"alwaysandfornever.fool", "provider"=>"google", "name"=>"Terrible deep", "email"=>"never@publish.me", "description"=>"I never want to die but always fear I will.", "theme"=>"general"}, "commit"=>"Sign up"} and HTTP headers {"HTTP_REFERER"=>"/users/new?user[uid]=alwaysandfornever.fool&user[provider]=google"}
REQUESTING PAGE: GET http://www.example.com/users/1 with {} and HTTP headers {"HTTP_REFERER"=>"/users"}
REQUESTING PAGE: GET /events/new with {} and HTTP headers {"HTTP_REFERER"=>"http://www.example.com/users/1"}
REQUESTING PAGE: POST /events with {"utf8"=>"\xE2\x9C\x93", "event"=>{"name"=>"Hilarious time", "price"=>"no price info", "date(1i)"=>"2011", "date(2i)"=>"2", "date(3i)"=>"6", "time"=>"", "venue_id"=>"no_venue", "address"=>"1234 Happy Street", "city"=>"Chicago, IL", "description"=>"This is going to be funny as shit.", "links_attributes"=>{"0"=>{"url"=>"", "text"=>""}, "1"=>{"url"=>"", "text"=>""}, "2"=>{"url"=>"", "text"=>""}, "3"=>{"url"=>"", "text"=>""}}}, "commit"=>"Create Event"} and HTTP headers {"HTTP_REFERER"=>"/events/new"}
REQUESTING PAGE: GET http://www.example.com/events/1 with {} and HTTP headers {"HTTP_REFERER"=>"/events"}
REQUESTING PAGE: GET /users/new?user[uid]=alwaysandfornever.fool&user[provider]=google with {} and HTTP headers {}
REQUESTING PAGE: POST /users with {"utf8"=>"\xE2\x9C\x93", "user"=>{"uid"=>"alwaysandfornever.fool", "provider"=>"google", "name"=>"Terrible deep", "email"=>"never@publish.me", "description"=>"I never want to die but always fear I will.", "theme"=>"general"}, "commit"=>"Sign up"} and HTTP headers {"HTTP_REFERER"=>"/users/new?user[uid]=alwaysandfornever.fool&user[provider]=google"}
REQUESTING PAGE: GET http://www.example.com/users/1 with {} and HTTP headers {"HTTP_REFERER"=>"/users"}
REQUESTING PAGE: GET /events with {} and HTTP headers {"HTTP_REFERER"=>"http://www.example.com/users/1"}
REQUESTING PAGE: GET /events with {"utf8"=>"\xE2\x9C\x93", "commit"=>"This month's events", "price_text"=>""} and HTTP headers {"HTTP_REFERER"=>"/events"}
REQUESTING PAGE: GET /events with {"utf8"=>"\xE2\x9C\x93", "commit"=>"Past events", "price_text"=>""} and HTTP headers {"HTTP_REFERER"=>"/events"}
REQUESTING PAGE: GET /events with {"utf8"=>"\xE2\x9C\x93", "commit"=>"This week's events", "price_text"=>""} and HTTP headers {"HTTP_REFERER"=>"/events"}
REQUESTING PAGE: GET /events with {"utf8"=>"\xE2\x9C\x93", "commit"=>"Today's events", "price_text"=>""} and HTTP headers {"HTTP_REFERER"=>"/events"}
REQUESTING PAGE: GET /events with {"utf8"=>"\xE2\x9C\x93", "commit"=>"All upcoming events", "price_text"=>""} and HTTP headers {"HTTP_REFERER"=>"/events"}
REQUESTING PAGE: GET /users/new?user[uid]=alwaysandfornever.fool&user[provider]=google with {} and HTTP headers {}
REQUESTING PAGE: POST /users with {"utf8"=>"\xE2\x9C\x93", "user"=>{"uid"=>"alwaysandfornever.fool", "provider"=>"google", "name"=>"Terrible deep", "email"=>"never@publish.me", "description"=>"I never want to die but always fear I will.", "theme"=>"general"}, "commit"=>"Sign up"} and HTTP headers {"HTTP_REFERER"=>"/users/new?user[uid]=alwaysandfornever.fool&user[provider]=google"}
REQUESTING PAGE: GET http://www.example.com/users/1 with {} and HTTP headers {"HTTP_REFERER"=>"/users"}
REQUESTING PAGE: GET / with {} and HTTP headers {"HTTP_REFERER"=>"http://www.example.com/users/1"}
REQUESTING PAGE: GET /search with {"utf8"=>"\xE2\x9C\x93", "event"=>"1", "user"=>"1", "venue"=>"1", "search"=>""} and HTTP headers {"HTTP_REFERER"=>"/"}
REQUESTING PAGE: GET /users/new?user[uid]=alwaysandfornever.fool&user[provider]=google with {} and HTTP headers {}
REQUESTING PAGE: POST /users with {"utf8"=>"\xE2\x9C\x93", "user"=>{"uid"=>"alwaysandfornever.fool", "provider"=>"google", "name"=>"Terrible deep", "email"=>"never@publish.me", "description"=>"I never want to die but always fear I will.", "theme"=>"general"}, "commit"=>"Sign up"} and HTTP headers {"HTTP_REFERER"=>"/users/new?user[uid]=alwaysandfornever.fool&user[provider]=google"}
REQUESTING PAGE: GET http://www.example.com/users/1 with {} and HTTP headers {"HTTP_REFERER"=>"/users"}
REQUESTING PAGE: GET /events with {} and HTTP headers {"HTTP_REFERER"=>"http://www.example.com/users/1"}
REQUESTING PAGE: GET /events/new with {} and HTTP headers {"HTTP_REFERER"=>"/events"}
REQUESTING PAGE: POST /events with {"utf8"=>"\xE2\x9C\x93", "event"=>{"name"=>"", "price"=>"no price info", "date(1i)"=>"2011", "date(2i)"=>"2", "date(3i)"=>"6", "time"=>"", "venue_id"=>"no_venue", "address"=>"", "city"=>"Chicago, IL", "description"=>"", "links_attributes"=>{"0"=>{"url"=>"", "text"=>""}, "1"=>{"url"=>"", "text"=>""}, "2"=>{"url"=>"", "text"=>""}, "3"=>{"url"=>"", "text"=>""}}}, "commit"=>"Create Event"} and HTTP headers {"HTTP_REFERER"=>"/events/new"}
REQUESTING PAGE: GET /users/new?user[uid]=alwaysandfornever.fool&user[provider]=google with {} and HTTP headers {}
REQUESTING PAGE: POST /users with {"utf8"=>"\xE2\x9C\x93", "user"=>{"uid"=>"alwaysandfornever.fool", "provider"=>"google", "name"=>"Terrible deep", "email"=>"never@publish.me", "description"=>"I never want to die but always fear I will.", "theme"=>"general"}, "commit"=>"Sign up"} and HTTP headers {"HTTP_REFERER"=>"/users/new?user[uid]=alwaysandfornever.fool&user[provider]=google"}
REQUESTING PAGE: GET http://www.example.com/users/1 with {} and HTTP headers {"HTTP_REFERER"=>"/users"}
REQUESTING PAGE: GET /events/new with {} and HTTP headers {"HTTP_REFERER"=>"http://www.example.com/users/1"}
REQUESTING PAGE: POST /events with {"utf8"=>"\xE2\x9C\x93", "event"=>{"name"=>"Hilarious time", "price"=>"no price info", "date(1i)"=>"2011", "date(2i)"=>"2", "date(3i)"=>"6", "time"=>"", "venue_id"=>"no_venue", "address"=>"1234 Happy Street", "city"=>"Chicago, IL", "description"=>"This is going to be funny as shit.", "links_attributes"=>{"0"=>{"url"=>"", "text"=>""}, "1"=>{"url"=>"", "text"=>""}, "2"=>{"url"=>"", "text"=>""}, "3"=>{"url"=>"", "text"=>""}}}, "commit"=>"Create Event"} and HTTP headers {"HTTP_REFERER"=>"/events/new"}
REQUESTING PAGE: GET http://www.example.com/events/1 with {} and HTTP headers {"HTTP_REFERER"=>"/events"}
REQUESTING PAGE: GET /users/new?user[uid]=alwaysandfornever.fool&user[provider]=google with {} and HTTP headers {}
REQUESTING PAGE: POST /users with {"utf8"=>"\xE2\x9C\x93", "user"=>{"uid"=>"alwaysandfornever.fool", "provider"=>"google", "name"=>"Terrible deep", "email"=>"never@publish.me", "description"=>"I never want to die but always fear I will.", "theme"=>"general"}, "commit"=>"Sign up"} and HTTP headers {"HTTP_REFERER"=>"/users/new?user[uid]=alwaysandfornever.fool&user[provider]=google"}
REQUESTING PAGE: GET http://www.example.com/users/1 with {} and HTTP headers {"HTTP_REFERER"=>"/users"}
REQUESTING PAGE: GET /events with {} and HTTP headers {"HTTP_REFERER"=>"http://www.example.com/users/1"}
REQUESTING PAGE: GET /events with {"utf8"=>"\xE2\x9C\x93", "commit"=>"This month's events", "price_text"=>""} and HTTP headers {"HTTP_REFERER"=>"/events"}
REQUESTING PAGE: GET /events with {"utf8"=>"\xE2\x9C\x93", "commit"=>"Past events", "price_text"=>""} and HTTP headers {"HTTP_REFERER"=>"/events"}
REQUESTING PAGE: GET /events with {"utf8"=>"\xE2\x9C\x93", "commit"=>"This week's events", "price_text"=>""} and HTTP headers {"HTTP_REFERER"=>"/events"}
REQUESTING PAGE: GET /events with {"utf8"=>"\xE2\x9C\x93", "commit"=>"Today's events", "price_text"=>""} and HTTP headers {"HTTP_REFERER"=>"/events"}
REQUESTING PAGE: GET /events with {"utf8"=>"\xE2\x9C\x93", "commit"=>"All upcoming events", "price_text"=>""} and HTTP headers {"HTTP_REFERER"=>"/events"}
REQUESTING PAGE: GET /users/new?user[uid]=alwaysandfornever.fool&user[provider]=google with {} and HTTP headers {}
REQUESTING PAGE: POST /users with {"utf8"=>"\xE2\x9C\x93", "user"=>{"uid"=>"alwaysandfornever.fool", "provider"=>"google", "name"=>"Terrible deep", "email"=>"never@publish.me", "description"=>"I never want to die but always fear I will.", "theme"=>"general"}, "commit"=>"Sign up"} and HTTP headers {"HTTP_REFERER"=>"/users/new?user[uid]=alwaysandfornever.fool&user[provider]=google"}
REQUESTING PAGE: GET http://www.example.com/users/1 with {} and HTTP headers {"HTTP_REFERER"=>"/users"}
REQUESTING PAGE: GET / with {} and HTTP headers {"HTTP_REFERER"=>"http://www.example.com/users/1"}
REQUESTING PAGE: GET /search with {"utf8"=>"\xE2\x9C\x93", "event"=>"1", "user"=>"1", "venue"=>"1", "search"=>""} and HTTP headers {"HTTP_REFERER"=>"/"}
REQUESTING PAGE: GET /users/new?user[uid]=alwaysandfornever.fool&user[provider]=google with {} and HTTP headers {}
REQUESTING PAGE: GET /users/new?user[uid]=alwaysandfornever.fool&user[provider]=google with {} and HTTP headers {}
REQUESTING PAGE: GET /users/new?user[uid]=alwaysandfornever.fool&user[provider]=google with {} and HTTP headers {}
REQUESTING PAGE: GET /users/new?user[uid]=alwaysandfornever.fool&user[provider]=google with {} and HTTP headers {}
REQUESTING PAGE: GET /users/new?user[uid]=alwaysandfornever.fool&user[provider]=google with {} and HTTP headers {}
REQUESTING PAGE: POST /users with {"utf8"=>"\xE2\x9C\x93", "user"=>{"uid"=>"alwaysandfornever.fool", "provider"=>"google", "name"=>"Terrible deep", "email"=>"never@publish.me", "description"=>"I never want to die but always fear I will.", "theme"=>"general"}, "commit"=>"Sign up"} and HTTP headers {"HTTP_REFERER"=>"/users/new?user[uid]=alwaysandfornever.fool&user[provider]=google"}
REQUESTING PAGE: GET http://www.example.com/users/1 with {} and HTTP headers {"HTTP_REFERER"=>"/users"}
REQUESTING PAGE: GET /events with {} and HTTP headers {"HTTP_REFERER"=>"http://www.example.com/users/1"}
REQUESTING PAGE: GET /events/new with {} and HTTP headers {"HTTP_REFERER"=>"/events"}
REQUESTING PAGE: POST /events with {"utf8"=>"\xE2\x9C\x93", "event"=>{"name"=>"", "price"=>"no price info", "date(1i)"=>"2011", "date(2i)"=>"2", "date(3i)"=>"6", "time"=>"", "venue_id"=>"no_venue", "address"=>"", "city"=>"Chicago, IL", "description"=>"", "links_attributes"=>{"0"=>{"url"=>"", "text"=>""}, "1"=>{"url"=>"", "text"=>""}, "2"=>{"url"=>"", "text"=>""}, "3"=>{"url"=>"", "text"=>""}}}, "commit"=>"Create Event"} and HTTP headers {"HTTP_REFERER"=>"/events/new"}
REQUESTING PAGE: GET /users/new?user[uid]=alwaysandfornever.fool&user[provider]=google with {} and HTTP headers {}
REQUESTING PAGE: POST /users with {"utf8"=>"\xE2\x9C\x93", "user"=>{"uid"=>"alwaysandfornever.fool", "provider"=>"google", "name"=>"Terrible deep", "email"=>"never@publish.me", "description"=>"I never want to die but always fear I will.", "theme"=>"general"}, "commit"=>"Sign up"} and HTTP headers {"HTTP_REFERER"=>"/users/new?user[uid]=alwaysandfornever.fool&user[provider]=google"}
REQUESTING PAGE: GET http://www.example.com/users/1 with {} and HTTP headers {"HTTP_REFERER"=>"/users"}
REQUESTING PAGE: GET /events/new with {} and HTTP headers {"HTTP_REFERER"=>"http://www.example.com/users/1"}
REQUESTING PAGE: POST /events with {"utf8"=>"\xE2\x9C\x93", "event"=>{"name"=>"Hilarious time", "price"=>"no price info", "date(1i)"=>"2011", "date(2i)"=>"2", "date(3i)"=>"6", "time"=>"", "venue_id"=>"no_venue", "address"=>"1234 Happy Street", "city"=>"Chicago, IL", "description"=>"This is going to be funny as shit.", "links_attributes"=>{"0"=>{"url"=>"", "text"=>""}, "1"=>{"url"=>"", "text"=>""}, "2"=>{"url"=>"", "text"=>""}, "3"=>{"url"=>"", "text"=>""}}}, "commit"=>"Create Event"} and HTTP headers {"HTTP_REFERER"=>"/events/new"}
REQUESTING PAGE: GET http://www.example.com/events/1 with {} and HTTP headers {"HTTP_REFERER"=>"/events"}
REQUESTING PAGE: GET /users/new?user[uid]=alwaysandfornever.fool&user[provider]=google with {} and HTTP headers {}
REQUESTING PAGE: POST /users with {"utf8"=>"\xE2\x9C\x93", "user"=>{"uid"=>"alwaysandfornever.fool", "provider"=>"google", "name"=>"Terrible deep", "email"=>"never@publish.me", "description"=>"I never want to die but always fear I will.", "theme"=>"general"}, "commit"=>"Sign up"} and HTTP headers {"HTTP_REFERER"=>"/users/new?user[uid]=alwaysandfornever.fool&user[provider]=google"}
REQUESTING PAGE: GET http://www.example.com/users/1 with {} and HTTP headers {"HTTP_REFERER"=>"/users"}
REQUESTING PAGE: GET /events with {} and HTTP headers {"HTTP_REFERER"=>"http://www.example.com/users/1"}
REQUESTING PAGE: GET /events with {"utf8"=>"\xE2\x9C\x93", "commit"=>"This month's events", "price_text"=>""} and HTTP headers {"HTTP_REFERER"=>"/events"}
REQUESTING PAGE: GET /events with {"utf8"=>"\xE2\x9C\x93", "commit"=>"Past events", "price_text"=>""} and HTTP headers {"HTTP_REFERER"=>"/events"}
REQUESTING PAGE: GET /events with {"utf8"=>"\xE2\x9C\x93", "commit"=>"This week's events", "price_text"=>""} and HTTP headers {"HTTP_REFERER"=>"/events"}
REQUESTING PAGE: GET /events with {"utf8"=>"\xE2\x9C\x93", "commit"=>"Today's events", "price_text"=>""} and HTTP headers {"HTTP_REFERER"=>"/events"}
REQUESTING PAGE: GET /events with {"utf8"=>"\xE2\x9C\x93", "commit"=>"All upcoming events", "price_text"=>""} and HTTP headers {"HTTP_REFERER"=>"/events"}
REQUESTING PAGE: GET /users/new?user[uid]=alwaysandfornever.fool&user[provider]=google with {} and HTTP headers {}
REQUESTING PAGE: POST /users with {"utf8"=>"\xE2\x9C\x93", "user"=>{"uid"=>"alwaysandfornever.fool", "provider"=>"google", "name"=>"Terrible deep", "email"=>"never@publish.me", "description"=>"I never want to die but always fear I will.", "theme"=>"general"}, "commit"=>"Sign up"} and HTTP headers {"HTTP_REFERER"=>"/users/new?user[uid]=alwaysandfornever.fool&user[provider]=google"}
REQUESTING PAGE: GET http://www.example.com/users/1 with {} and HTTP headers {"HTTP_REFERER"=>"/users"}
REQUESTING PAGE: GET / with {} and HTTP headers {"HTTP_REFERER"=>"http://www.example.com/users/1"}
REQUESTING PAGE: GET /search with {"utf8"=>"\xE2\x9C\x93", "event"=>"1", "user"=>"1", "venue"=>"1", "when"=>"future", "price"=>"any", "search"=>""} and HTTP headers {"HTTP_REFERER"=>"/"}
REQUESTING PAGE: GET /users/new?user[uid]=alwaysandfornever.fool&user[provider]=google with {} and HTTP headers {}
REQUESTING PAGE: POST /users with {"utf8"=>"\xE2\x9C\x93", "user"=>{"uid"=>"alwaysandfornever.fool", "provider"=>"google", "name"=>"Terrible deep", "email"=>"never@publish.me", "description"=>"I never want to die but always fear I will.", "theme"=>"general"}, "commit"=>"Sign up"} and HTTP headers {"HTTP_REFERER"=>"/users/new?user[uid]=alwaysandfornever.fool&user[provider]=google"}
REQUESTING PAGE: GET http://www.example.com/users/1 with {} and HTTP headers {"HTTP_REFERER"=>"/users"}
REQUESTING PAGE: GET /events with {} and HTTP headers {"HTTP_REFERER"=>"http://www.example.com/users/1"}
REQUESTING PAGE: GET /events/new with {} and HTTP headers {"HTTP_REFERER"=>"/events"}
REQUESTING PAGE: POST /events with {"utf8"=>"\xE2\x9C\x93", "event"=>{"name"=>"", "price"=>"no price info", "date(1i)"=>"2011", "date(2i)"=>"2", "date(3i)"=>"6", "time"=>"", "venue_id"=>"no_venue", "address"=>"", "city"=>"Chicago, IL", "description"=>"", "links_attributes"=>{"0"=>{"url"=>"", "text"=>""}, "1"=>{"url"=>"", "text"=>""}, "2"=>{"url"=>"", "text"=>""}, "3"=>{"url"=>"", "text"=>""}}}, "commit"=>"Create Event"} and HTTP headers {"HTTP_REFERER"=>"/events/new"}
REQUESTING PAGE: GET /users/new?user[uid]=alwaysandfornever.fool&user[provider]=google with {} and HTTP headers {}
REQUESTING PAGE: POST /users with {"utf8"=>"\xE2\x9C\x93", "user"=>{"uid"=>"alwaysandfornever.fool", "provider"=>"google", "name"=>"Terrible deep", "email"=>"never@publish.me", "description"=>"I never want to die but always fear I will.", "theme"=>"general"}, "commit"=>"Sign up"} and HTTP headers {"HTTP_REFERER"=>"/users/new?user[uid]=alwaysandfornever.fool&user[provider]=google"}
REQUESTING PAGE: GET http://www.example.com/users/1 with {} and HTTP headers {"HTTP_REFERER"=>"/users"}
REQUESTING PAGE: GET /events/new with {} and HTTP headers {"HTTP_REFERER"=>"http://www.example.com/users/1"}
REQUESTING PAGE: POST /events with {"utf8"=>"\xE2\x9C\x93", "event"=>{"name"=>"Hilarious time", "price"=>"no price info", "date(1i)"=>"2011", "date(2i)"=>"2", "date(3i)"=>"6", "time"=>"", "venue_id"=>"no_venue", "address"=>"1234 Happy Street", "city"=>"Chicago, IL", "description"=>"This is going to be funny as shit.", "links_attributes"=>{"0"=>{"url"=>"", "text"=>""}, "1"=>{"url"=>"", "text"=>""}, "2"=>{"url"=>"", "text"=>""}, "3"=>{"url"=>"", "text"=>""}}}, "commit"=>"Create Event"} and HTTP headers {"HTTP_REFERER"=>"/events/new"}
REQUESTING PAGE: GET http://www.example.com/events/1 with {} and HTTP headers {"HTTP_REFERER"=>"/events"}
REQUESTING PAGE: GET /users/new?user[uid]=alwaysandfornever.fool&user[provider]=google with {} and HTTP headers {}
REQUESTING PAGE: POST /users with {"utf8"=>"\xE2\x9C\x93", "user"=>{"uid"=>"alwaysandfornever.fool", "provider"=>"google", "name"=>"Terrible deep", "email"=>"never@publish.me", "description"=>"I never want to die but always fear I will.", "theme"=>"general"}, "commit"=>"Sign up"} and HTTP headers {"HTTP_REFERER"=>"/users/new?user[uid]=alwaysandfornever.fool&user[provider]=google"}
REQUESTING PAGE: GET http://www.example.com/users/1 with {} and HTTP headers {"HTTP_REFERER"=>"/users"}
REQUESTING PAGE: GET /events with {} and HTTP headers {"HTTP_REFERER"=>"http://www.example.com/users/1"}
REQUESTING PAGE: GET /events with {"utf8"=>"\xE2\x9C\x93", "commit"=>"This month's events", "price_text"=>""} and HTTP headers {"HTTP_REFERER"=>"/events"}
REQUESTING PAGE: GET /events with {"utf8"=>"\xE2\x9C\x93", "commit"=>"Past events", "price_text"=>""} and HTTP headers {"HTTP_REFERER"=>"/events"}
REQUESTING PAGE: GET /events with {"utf8"=>"\xE2\x9C\x93", "commit"=>"This week's events", "price_text"=>""} and HTTP headers {"HTTP_REFERER"=>"/events"}
REQUESTING PAGE: GET /events with {"utf8"=>"\xE2\x9C\x93", "commit"=>"Today's events", "price_text"=>""} and HTTP headers {"HTTP_REFERER"=>"/events"}
REQUESTING PAGE: GET /events with {"utf8"=>"\xE2\x9C\x93", "commit"=>"All upcoming events", "price_text"=>""} and HTTP headers {"HTTP_REFERER"=>"/events"}
REQUESTING PAGE: GET /users/new?user[uid]=alwaysandfornever.fool&user[provider]=google with {} and HTTP headers {}
REQUESTING PAGE: POST /users with {"utf8"=>"\xE2\x9C\x93", "user"=>{"uid"=>"alwaysandfornever.fool", "provider"=>"google", "name"=>"Terrible deep", "email"=>"never@publish.me", "description"=>"I never want to die but always fear I will.", "theme"=>"general"}, "commit"=>"Sign up"} and HTTP headers {"HTTP_REFERER"=>"/users/new?user[uid]=alwaysandfornever.fool&user[provider]=google"}
REQUESTING PAGE: GET http://www.example.com/users/1 with {} and HTTP headers {"HTTP_REFERER"=>"/users"}
REQUESTING PAGE: GET / with {} and HTTP headers {"HTTP_REFERER"=>"http://www.example.com/users/1"}
REQUESTING PAGE: GET /search with {"utf8"=>"\xE2\x9C\x93", "event"=>"1", "user"=>"1", "venue"=>"1", "when"=>"future", "price"=>"any", "search"=>""} and HTTP headers {"HTTP_REFERER"=>"/"}
REQUESTING PAGE: GET /users/new?user[uid]=alwaysandfornever.fool&user[provider]=google with {} and HTTP headers {}
REQUESTING PAGE: POST /users with {"utf8"=>"\xE2\x9C\x93", "user"=>{"uid"=>"alwaysandfornever.fool", "provider"=>"google", "name"=>"Terrible deep", "email"=>"never@publish.me", "description"=>"I never want to die but always fear I will.", "theme"=>"general"}, "commit"=>"Sign up"} and HTTP headers {"HTTP_REFERER"=>"/users/new?user[uid]=alwaysandfornever.fool&user[provider]=google"}
REQUESTING PAGE: GET http://www.example.com/users/1 with {} and HTTP headers {"HTTP_REFERER"=>"/users"}
REQUESTING PAGE: GET /events with {} and HTTP headers {"HTTP_REFERER"=>"http://www.example.com/users/1"}
REQUESTING PAGE: GET /events/new with {} and HTTP headers {"HTTP_REFERER"=>"/events"}
REQUESTING PAGE: POST /events with {"utf8"=>"\xE2\x9C\x93", "event"=>{"name"=>"", "price"=>"no price info", "date(1i)"=>"2011", "date(2i)"=>"2", "date(3i)"=>"6", "time"=>"", "venue_id"=>"no_venue", "address"=>"", "city"=>"Chicago, IL", "description"=>"", "links_attributes"=>{"0"=>{"url"=>"", "text"=>""}, "1"=>{"url"=>"", "text"=>""}, "2"=>{"url"=>"", "text"=>""}, "3"=>{"url"=>"", "text"=>""}}}, "commit"=>"Create Event"} and HTTP headers {"HTTP_REFERER"=>"/events/new"}
REQUESTING PAGE: GET /users/new?user[uid]=alwaysandfornever.fool&user[provider]=google with {} and HTTP headers {}
REQUESTING PAGE: POST /users with {"utf8"=>"\xE2\x9C\x93", "user"=>{"uid"=>"alwaysandfornever.fool", "provider"=>"google", "name"=>"Terrible deep", "email"=>"never@publish.me", "description"=>"I never want to die but always fear I will.", "theme"=>"general"}, "commit"=>"Sign up"} and HTTP headers {"HTTP_REFERER"=>"/users/new?user[uid]=alwaysandfornever.fool&user[provider]=google"}
REQUESTING PAGE: GET http://www.example.com/users/1 with {} and HTTP headers {"HTTP_REFERER"=>"/users"}
REQUESTING PAGE: GET /events/new with {} and HTTP headers {"HTTP_REFERER"=>"http://www.example.com/users/1"}
REQUESTING PAGE: POST /events with {"utf8"=>"\xE2\x9C\x93", "event"=>{"name"=>"Hilarious time", "price"=>"no price info", "date(1i)"=>"2011", "date(2i)"=>"2", "date(3i)"=>"6", "time"=>"", "venue_id"=>"no_venue", "address"=>"1234 Happy Street", "city"=>"Chicago, IL", "description"=>"This is going to be funny as shit.", "links_attributes"=>{"0"=>{"url"=>"", "text"=>""}, "1"=>{"url"=>"", "text"=>""}, "2"=>{"url"=>"", "text"=>""}, "3"=>{"url"=>"", "text"=>""}}}, "commit"=>"Create Event"} and HTTP headers {"HTTP_REFERER"=>"/events/new"}
REQUESTING PAGE: GET http://www.example.com/events/1 with {} and HTTP headers {"HTTP_REFERER"=>"/events"}
REQUESTING PAGE: GET /users/new?user[uid]=alwaysandfornever.fool&user[provider]=google with {} and HTTP headers {}
REQUESTING PAGE: POST /users with {"utf8"=>"\xE2\x9C\x93", "user"=>{"uid"=>"alwaysandfornever.fool", "provider"=>"google", "name"=>"Terrible deep", "email"=>"never@publish.me", "description"=>"I never want to die but always fear I will.", "theme"=>"general"}, "commit"=>"Sign up"} and HTTP headers {"HTTP_REFERER"=>"/users/new?user[uid]=alwaysandfornever.fool&user[provider]=google"}
REQUESTING PAGE: GET http://www.example.com/users/1 with {} and HTTP headers {"HTTP_REFERER"=>"/users"}
REQUESTING PAGE: GET /events with {} and HTTP headers {"HTTP_REFERER"=>"http://www.example.com/users/1"}
REQUESTING PAGE: GET /events with {"utf8"=>"\xE2\x9C\x93", "commit"=>"This month's events", "price_text"=>""} and HTTP headers {"HTTP_REFERER"=>"/events"}
REQUESTING PAGE: GET /events with {"utf8"=>"\xE2\x9C\x93", "commit"=>"Past events", "price_text"=>""} and HTTP headers {"HTTP_REFERER"=>"/events"}
REQUESTING PAGE: GET /events with {"utf8"=>"\xE2\x9C\x93", "commit"=>"This week's events", "price_text"=>""} and HTTP headers {"HTTP_REFERER"=>"/events"}
REQUESTING PAGE: GET /events with {"utf8"=>"\xE2\x9C\x93", "commit"=>"Today's events", "price_text"=>""} and HTTP headers {"HTTP_REFERER"=>"/events"}
REQUESTING PAGE: GET /events with {"utf8"=>"\xE2\x9C\x93", "commit"=>"All upcoming events", "price_text"=>""} and HTTP headers {"HTTP_REFERER"=>"/events"}
REQUESTING PAGE: GET /users/new?user[uid]=alwaysandfornever.fool&user[provider]=google with {} and HTTP headers {}
REQUESTING PAGE: POST /users with {"utf8"=>"\xE2\x9C\x93", "user"=>{"uid"=>"alwaysandfornever.fool", "provider"=>"google", "name"=>"Terrible deep", "email"=>"never@publish.me", "description"=>"I never want to die but always fear I will.", "theme"=>"general"}, "commit"=>"Sign up"} and HTTP headers {"HTTP_REFERER"=>"/users/new?user[uid]=alwaysandfornever.fool&user[provider]=google"}
REQUESTING PAGE: GET http://www.example.com/users/1 with {} and HTTP headers {"HTTP_REFERER"=>"/users"}
REQUESTING PAGE: GET / with {} and HTTP headers {"HTTP_REFERER"=>"http://www.example.com/users/1"}
REQUESTING PAGE: GET /search with {"utf8"=>"\xE2\x9C\x93", "event"=>"1", "user"=>"1", "venue"=>"1", "when"=>"future", "price"=>"any", "order"=>"date", "search"=>""} and HTTP headers {"HTTP_REFERER"=>"/"}
REQUESTING PAGE: GET /users/new?user[uid]=alwaysandfornever.fool&user[provider]=google with {} and HTTP headers {}
REQUESTING PAGE: POST /users with {"utf8"=>"\xE2\x9C\x93", "user"=>{"uid"=>"alwaysandfornever.fool", "provider"=>"google", "name"=>"Terrible deep", "email"=>"never@publish.me", "description"=>"I never want to die but always fear I will.", "theme"=>"general"}, "commit"=>"Sign up"} and HTTP headers {"HTTP_REFERER"=>"/users/new?user[uid]=alwaysandfornever.fool&user[provider]=google"}
REQUESTING PAGE: GET http://www.example.com/users/1 with {} and HTTP headers {"HTTP_REFERER"=>"/users"}
REQUESTING PAGE: GET /events with {} and HTTP headers {"HTTP_REFERER"=>"http://www.example.com/users/1"}
REQUESTING PAGE: GET /events/new with {} and HTTP headers {"HTTP_REFERER"=>"/events"}
REQUESTING PAGE: POST /events with {"utf8"=>"\xE2\x9C\x93", "event"=>{"name"=>"", "price"=>"no price info", "date(1i)"=>"2011", "date(2i)"=>"2", "date(3i)"=>"6", "time"=>"", "venue_id"=>"no_venue", "address"=>"", "city"=>"Chicago, IL", "description"=>"", "links_attributes"=>{"0"=>{"url"=>"", "text"=>""}, "1"=>{"url"=>"", "text"=>""}, "2"=>{"url"=>"", "text"=>""}, "3"=>{"url"=>"", "text"=>""}}}, "commit"=>"Create Event"} and HTTP headers {"HTTP_REFERER"=>"/events/new"}
REQUESTING PAGE: GET /users/new?user[uid]=alwaysandfornever.fool&user[provider]=google with {} and HTTP headers {}
REQUESTING PAGE: POST /users with {"utf8"=>"\xE2\x9C\x93", "user"=>{"uid"=>"alwaysandfornever.fool", "provider"=>"google", "name"=>"Terrible deep", "email"=>"never@publish.me", "description"=>"I never want to die but always fear I will.", "theme"=>"general"}, "commit"=>"Sign up"} and HTTP headers {"HTTP_REFERER"=>"/users/new?user[uid]=alwaysandfornever.fool&user[provider]=google"}
REQUESTING PAGE: GET http://www.example.com/users/1 with {} and HTTP headers {"HTTP_REFERER"=>"/users"}
REQUESTING PAGE: GET /events/new with {} and HTTP headers {"HTTP_REFERER"=>"http://www.example.com/users/1"}
REQUESTING PAGE: POST /events with {"utf8"=>"\xE2\x9C\x93", "event"=>{"name"=>"Hilarious time", "price"=>"no price info", "date(1i)"=>"2011", "date(2i)"=>"2", "date(3i)"=>"6", "time"=>"", "venue_id"=>"no_venue", "address"=>"1234 Happy Street", "city"=>"Chicago, IL", "description"=>"This is going to be funny as shit.", "links_attributes"=>{"0"=>{"url"=>"", "text"=>""}, "1"=>{"url"=>"", "text"=>""}, "2"=>{"url"=>"", "text"=>""}, "3"=>{"url"=>"", "text"=>""}}}, "commit"=>"Create Event"} and HTTP headers {"HTTP_REFERER"=>"/events/new"}
REQUESTING PAGE: GET http://www.example.com/events/1 with {} and HTTP headers {"HTTP_REFERER"=>"/events"}
REQUESTING PAGE: GET /users/new?user[uid]=alwaysandfornever.fool&user[provider]=google with {} and HTTP headers {}
REQUESTING PAGE: POST /users with {"utf8"=>"\xE2\x9C\x93", "user"=>{"uid"=>"alwaysandfornever.fool", "provider"=>"google", "name"=>"Terrible deep", "email"=>"never@publish.me", "description"=>"I never want to die but always fear I will.", "theme"=>"general"}, "commit"=>"Sign up"} and HTTP headers {"HTTP_REFERER"=>"/users/new?user[uid]=alwaysandfornever.fool&user[provider]=google"}
REQUESTING PAGE: GET http://www.example.com/users/1 with {} and HTTP headers {"HTTP_REFERER"=>"/users"}
REQUESTING PAGE: GET /events with {} and HTTP headers {"HTTP_REFERER"=>"http://www.example.com/users/1"}
REQUESTING PAGE: GET /events with {"utf8"=>"\xE2\x9C\x93", "commit"=>"This month's events", "price_text"=>""} and HTTP headers {"HTTP_REFERER"=>"/events"}
REQUESTING PAGE: GET /events with {"utf8"=>"\xE2\x9C\x93", "commit"=>"Past events", "price_text"=>""} and HTTP headers {"HTTP_REFERER"=>"/events"}
REQUESTING PAGE: GET /events with {"utf8"=>"\xE2\x9C\x93", "commit"=>"This week's events", "price_text"=>""} and HTTP headers {"HTTP_REFERER"=>"/events"}
REQUESTING PAGE: GET /events with {"utf8"=>"\xE2\x9C\x93", "commit"=>"Today's events", "price_text"=>""} and HTTP headers {"HTTP_REFERER"=>"/events"}
REQUESTING PAGE: GET /events with {"utf8"=>"\xE2\x9C\x93", "commit"=>"All upcoming events", "price_text"=>""} and HTTP headers {"HTTP_REFERER"=>"/events"}
REQUESTING PAGE: GET /users/new?user[uid]=alwaysandfornever.fool&user[provider]=google with {} and HTTP headers {}
REQUESTING PAGE: POST /users with {"utf8"=>"\xE2\x9C\x93", "user"=>{"uid"=>"alwaysandfornever.fool", "provider"=>"google", "name"=>"Terrible deep", "email"=>"never@publish.me", "description"=>"I never want to die but always fear I will.", "theme"=>"general"}, "commit"=>"Sign up"} and HTTP headers {"HTTP_REFERER"=>"/users/new?user[uid]=alwaysandfornever.fool&user[provider]=google"}
REQUESTING PAGE: GET http://www.example.com/users/1 with {} and HTTP headers {"HTTP_REFERER"=>"/users"}
REQUESTING PAGE: GET / with {} and HTTP headers {"HTTP_REFERER"=>"http://www.example.com/users/1"}
REQUESTING PAGE: GET /search with {"utf8"=>"\xE2\x9C\x93", "event"=>"1", "user"=>"1", "venue"=>"1", "when"=>"future", "price"=>"any", "order"=>"date", "search"=>""} and HTTP headers {"HTTP_REFERER"=>"/"}
REQUESTING PAGE: GET /users/new?user[uid]=alwaysandfornever.fool&user[provider]=google with {} and HTTP headers {}
REQUESTING PAGE: POST /users with {"utf8"=>"\xE2\x9C\x93", "user"=>{"uid"=>"alwaysandfornever.fool", "provider"=>"google", "name"=>"Terrible deep", "email"=>"never@publish.me", "description"=>"I never want to die but always fear I will.", "theme"=>"general"}, "commit"=>"Sign up"} and HTTP headers {"HTTP_REFERER"=>"/users/new?user[uid]=alwaysandfornever.fool&user[provider]=google"}
REQUESTING PAGE: GET http://www.example.com/users/1 with {} and HTTP headers {"HTTP_REFERER"=>"/users"}
REQUESTING PAGE: GET /events with {} and HTTP headers {"HTTP_REFERER"=>"http://www.example.com/users/1"}
REQUESTING PAGE: GET /events/new with {} and HTTP headers {"HTTP_REFERER"=>"/events"}
REQUESTING PAGE: POST /events with {"utf8"=>"\xE2\x9C\x93", "event"=>{"name"=>"", "price"=>"no price info", "date(1i)"=>"2011", "date(2i)"=>"2", "date(3i)"=>"6", "time"=>"", "venue_id"=>"no_venue", "address"=>"", "city"=>"Chicago, IL", "description"=>"", "links_attributes"=>{"0"=>{"url"=>"", "text"=>""}, "1"=>{"url"=>"", "text"=>""}, "2"=>{"url"=>"", "text"=>""}, "3"=>{"url"=>"", "text"=>""}}}, "commit"=>"Create Event"} and HTTP headers {"HTTP_REFERER"=>"/events/new"}
REQUESTING PAGE: GET /users/new?user[uid]=alwaysandfornever.fool&user[provider]=google with {} and HTTP headers {}
REQUESTING PAGE: POST /users with {"utf8"=>"\xE2\x9C\x93", "user"=>{"uid"=>"alwaysandfornever.fool", "provider"=>"google", "name"=>"Terrible deep", "email"=>"never@publish.me", "description"=>"I never want to die but always fear I will.", "theme"=>"general"}, "commit"=>"Sign up"} and HTTP headers {"HTTP_REFERER"=>"/users/new?user[uid]=alwaysandfornever.fool&user[provider]=google"}
REQUESTING PAGE: GET http://www.example.com/users/1 with {} and HTTP headers {"HTTP_REFERER"=>"/users"}
REQUESTING PAGE: GET /events/new with {} and HTTP headers {"HTTP_REFERER"=>"http://www.example.com/users/1"}
REQUESTING PAGE: POST /events with {"utf8"=>"\xE2\x9C\x93", "event"=>{"name"=>"Hilarious time", "price"=>"no price info", "date(1i)"=>"2011", "date(2i)"=>"2", "date(3i)"=>"6", "time"=>"", "venue_id"=>"no_venue", "address"=>"1234 Happy Street", "city"=>"Chicago, IL", "description"=>"This is going to be funny as shit.", "links_attributes"=>{"0"=>{"url"=>"", "text"=>""}, "1"=>{"url"=>"", "text"=>""}, "2"=>{"url"=>"", "text"=>""}, "3"=>{"url"=>"", "text"=>""}}}, "commit"=>"Create Event"} and HTTP headers {"HTTP_REFERER"=>"/events/new"}
REQUESTING PAGE: GET http://www.example.com/events/1 with {} and HTTP headers {"HTTP_REFERER"=>"/events"}
REQUESTING PAGE: GET /users/new?user[uid]=alwaysandfornever.fool&user[provider]=google with {} and HTTP headers {}
REQUESTING PAGE: POST /users with {"utf8"=>"\xE2\x9C\x93", "user"=>{"uid"=>"alwaysandfornever.fool", "provider"=>"google", "name"=>"Terrible deep", "email"=>"never@publish.me", "description"=>"I never want to die but always fear I will.", "theme"=>"general"}, "commit"=>"Sign up"} and HTTP headers {"HTTP_REFERER"=>"/users/new?user[uid]=alwaysandfornever.fool&user[provider]=google"}
REQUESTING PAGE: GET http://www.example.com/users/1 with {} and HTTP headers {"HTTP_REFERER"=>"/users"}
REQUESTING PAGE: GET /events with {} and HTTP headers {"HTTP_REFERER"=>"http://www.example.com/users/1"}
REQUESTING PAGE: GET /events with {"utf8"=>"\xE2\x9C\x93", "commit"=>"This month's events", "price_text"=>""} and HTTP headers {"HTTP_REFERER"=>"/events"}
REQUESTING PAGE: GET /events with {"utf8"=>"\xE2\x9C\x93", "commit"=>"Past events", "price_text"=>""} and HTTP headers {"HTTP_REFERER"=>"/events"}
REQUESTING PAGE: GET /events with {"utf8"=>"\xE2\x9C\x93", "commit"=>"This week's events", "price_text"=>""} and HTTP headers {"HTTP_REFERER"=>"/events"}
REQUESTING PAGE: GET /events with {"utf8"=>"\xE2\x9C\x93", "commit"=>"Today's events", "price_text"=>""} and HTTP headers {"HTTP_REFERER"=>"/events"}
REQUESTING PAGE: GET /events with {"utf8"=>"\xE2\x9C\x93", "commit"=>"All upcoming events", "price_text"=>""} and HTTP headers {"HTTP_REFERER"=>"/events"}
REQUESTING PAGE: GET /users/new?user[uid]=alwaysandfornever.fool&user[provider]=google with {} and HTTP headers {}
REQUESTING PAGE: POST /users with {"utf8"=>"\xE2\x9C\x93", "user"=>{"uid"=>"alwaysandfornever.fool", "provider"=>"google", "name"=>"Terrible deep", "email"=>"never@publish.me", "description"=>"I never want to die but always fear I will.", "theme"=>"general"}, "commit"=>"Sign up"} and HTTP headers {"HTTP_REFERER"=>"/users/new?user[uid]=alwaysandfornever.fool&user[provider]=google"}
REQUESTING PAGE: GET http://www.example.com/users/1 with {} and HTTP headers {"HTTP_REFERER"=>"/users"}
REQUESTING PAGE: GET / with {} and HTTP headers {"HTTP_REFERER"=>"http://www.example.com/users/1"}
REQUESTING PAGE: GET /search with {"utf8"=>"\xE2\x9C\x93", "event"=>"1", "user"=>"1", "venue"=>"1", "when"=>"future", "price"=>"any", "order"=>"date", "search"=>""} and HTTP headers {"HTTP_REFERER"=>"/"}
REQUESTING PAGE: GET /users/new?user[uid]=alwaysandfornever.fool&user[provider]=google with {} and HTTP headers {}
REQUESTING PAGE: POST /users with {"utf8"=>"\xE2\x9C\x93", "user"=>{"uid"=>"alwaysandfornever.fool", "provider"=>"google", "name"=>"Terrible deep", "email"=>"never@publish.me", "description"=>"I never want to die but always fear I will.", "theme"=>"general"}, "commit"=>"Sign up"} and HTTP headers {"HTTP_REFERER"=>"/users/new?user[uid]=alwaysandfornever.fool&user[provider]=google"}
REQUESTING PAGE: GET http://www.example.com/users/1 with {} and HTTP headers {"HTTP_REFERER"=>"/users"}
REQUESTING PAGE: GET /events with {} and HTTP headers {"HTTP_REFERER"=>"http://www.example.com/users/1"}
REQUESTING PAGE: GET /events/new with {} and HTTP headers {"HTTP_REFERER"=>"/events"}
REQUESTING PAGE: POST /events with {"utf8"=>"\xE2\x9C\x93", "event"=>{"name"=>"", "price"=>"no price info", "date(1i)"=>"2011", "date(2i)"=>"2", "date(3i)"=>"6", "time"=>"", "venue_id"=>"no_venue", "address"=>"", "city"=>"Chicago, IL", "description"=>"", "links_attributes"=>{"0"=>{"url"=>"", "text"=>""}, "1"=>{"url"=>"", "text"=>""}, "2"=>{"url"=>"", "text"=>""}, "3"=>{"url"=>"", "text"=>""}}}, "commit"=>"Create Event"} and HTTP headers {"HTTP_REFERER"=>"/events/new"}
REQUESTING PAGE: GET /users/new?user[uid]=alwaysandfornever.fool&user[provider]=google with {} and HTTP headers {}
REQUESTING PAGE: POST /users with {"utf8"=>"\xE2\x9C\x93", "user"=>{"uid"=>"alwaysandfornever.fool", "provider"=>"google", "name"=>"Terrible deep", "email"=>"never@publish.me", "description"=>"I never want to die but always fear I will.", "theme"=>"general"}, "commit"=>"Sign up"} and HTTP headers {"HTTP_REFERER"=>"/users/new?user[uid]=alwaysandfornever.fool&user[provider]=google"}
REQUESTING PAGE: GET http://www.example.com/users/1 with {} and HTTP headers {"HTTP_REFERER"=>"/users"}
REQUESTING PAGE: GET /events/new with {} and HTTP headers {"HTTP_REFERER"=>"http://www.example.com/users/1"}
REQUESTING PAGE: POST /events with {"utf8"=>"\xE2\x9C\x93", "event"=>{"name"=>"Hilarious time", "price"=>"no price info", "date(1i)"=>"2011", "date(2i)"=>"2", "date(3i)"=>"6", "time"=>"", "venue_id"=>"no_venue", "address"=>"1234 Happy Street", "city"=>"Chicago, IL", "description"=>"This is going to be funny as shit.", "links_attributes"=>{"0"=>{"url"=>"", "text"=>""}, "1"=>{"url"=>"", "text"=>""}, "2"=>{"url"=>"", "text"=>""}, "3"=>{"url"=>"", "text"=>""}}}, "commit"=>"Create Event"} and HTTP headers {"HTTP_REFERER"=>"/events/new"}
REQUESTING PAGE: GET http://www.example.com/events/1 with {} and HTTP headers {"HTTP_REFERER"=>"/events"}
REQUESTING PAGE: GET /users/new?user[uid]=alwaysandfornever.fool&user[provider]=google with {} and HTTP headers {}
REQUESTING PAGE: POST /users with {"utf8"=>"\xE2\x9C\x93", "user"=>{"uid"=>"alwaysandfornever.fool", "provider"=>"google", "name"=>"Terrible deep", "email"=>"never@publish.me", "description"=>"I never want to die but always fear I will.", "theme"=>"general"}, "commit"=>"Sign up"} and HTTP headers {"HTTP_REFERER"=>"/users/new?user[uid]=alwaysandfornever.fool&user[provider]=google"}
REQUESTING PAGE: GET http://www.example.com/users/1 with {} and HTTP headers {"HTTP_REFERER"=>"/users"}
REQUESTING PAGE: GET /events with {} and HTTP headers {"HTTP_REFERER"=>"http://www.example.com/users/1"}
REQUESTING PAGE: GET /events with {"utf8"=>"\xE2\x9C\x93", "commit"=>"This month's events", "price_text"=>""} and HTTP headers {"HTTP_REFERER"=>"/events"}
REQUESTING PAGE: GET /events with {"utf8"=>"\xE2\x9C\x93", "commit"=>"Past events", "price_text"=>""} and HTTP headers {"HTTP_REFERER"=>"/events"}
REQUESTING PAGE: GET /events with {"utf8"=>"\xE2\x9C\x93", "commit"=>"This week's events", "price_text"=>""} and HTTP headers {"HTTP_REFERER"=>"/events"}
REQUESTING PAGE: GET /events with {"utf8"=>"\xE2\x9C\x93", "commit"=>"Today's events", "price_text"=>""} and HTTP headers {"HTTP_REFERER"=>"/events"}
REQUESTING PAGE: GET /events with {"utf8"=>"\xE2\x9C\x93", "commit"=>"All upcoming events", "price_text"=>""} and HTTP headers {"HTTP_REFERER"=>"/events"}
REQUESTING PAGE: GET /users/new?user[uid]=alwaysandfornever.fool&user[provider]=google with {} and HTTP headers {}
REQUESTING PAGE: POST /users with {"utf8"=>"\xE2\x9C\x93", "user"=>{"uid"=>"alwaysandfornever.fool", "provider"=>"google", "name"=>"Terrible deep", "email"=>"never@publish.me", "description"=>"I never want to die but always fear I will.", "theme"=>"general"}, "commit"=>"Sign up"} and HTTP headers {"HTTP_REFERER"=>"/users/new?user[uid]=alwaysandfornever.fool&user[provider]=google"}
REQUESTING PAGE: GET http://www.example.com/users/1 with {} and HTTP headers {"HTTP_REFERER"=>"/users"}
REQUESTING PAGE: GET / with {} and HTTP headers {"HTTP_REFERER"=>"http://www.example.com/users/1"}
REQUESTING PAGE: GET /search with {"utf8"=>"\xE2\x9C\x93", "event"=>"1", "user"=>"1", "venue"=>"1", "when"=>"future", "price"=>"any", "order"=>"date", "search"=>""} and HTTP headers {"HTTP_REFERER"=>"/"}
REQUESTING PAGE: GET /users/new?user[uid]=alwaysandfornever.fool&user[provider]=google with {} and HTTP headers {}
REQUESTING PAGE: POST /users with {"utf8"=>"\xE2\x9C\x93", "user"=>{"uid"=>"alwaysandfornever.fool", "provider"=>"google", "name"=>"Terrible deep", "email"=>"never@publish.me", "description"=>"I never want to die but always fear I will.", "theme"=>"general"}, "commit"=>"Sign up"} and HTTP headers {"HTTP_REFERER"=>"/users/new?user[uid]=alwaysandfornever.fool&user[provider]=google"}
REQUESTING PAGE: GET http://www.example.com/users/1 with {} and HTTP headers {"HTTP_REFERER"=>"/users"}
REQUESTING PAGE: GET /events with {} and HTTP headers {"HTTP_REFERER"=>"http://www.example.com/users/1"}
REQUESTING PAGE: GET /events/new with {} and HTTP headers {"HTTP_REFERER"=>"/events"}
REQUESTING PAGE: POST /events with {"utf8"=>"\xE2\x9C\x93", "event"=>{"name"=>"", "price"=>"no price info", "date(1i)"=>"2011", "date(2i)"=>"2", "date(3i)"=>"6", "time"=>"", "venue_id"=>"no_venue", "address"=>"", "city"=>"Chicago, IL", "description"=>"", "links_attributes"=>{"0"=>{"url"=>"", "text"=>""}, "1"=>{"url"=>"", "text"=>""}, "2"=>{"url"=>"", "text"=>""}, "3"=>{"url"=>"", "text"=>""}}}, "commit"=>"Create Event"} and HTTP headers {"HTTP_REFERER"=>"/events/new"}
REQUESTING PAGE: GET /users/new?user[uid]=alwaysandfornever.fool&user[provider]=google with {} and HTTP headers {}
REQUESTING PAGE: POST /users with {"utf8"=>"\xE2\x9C\x93", "user"=>{"uid"=>"alwaysandfornever.fool", "provider"=>"google", "name"=>"Terrible deep", "email"=>"never@publish.me", "description"=>"I never want to die but always fear I will.", "theme"=>"general"}, "commit"=>"Sign up"} and HTTP headers {"HTTP_REFERER"=>"/users/new?user[uid]=alwaysandfornever.fool&user[provider]=google"}
REQUESTING PAGE: GET http://www.example.com/users/1 with {} and HTTP headers {"HTTP_REFERER"=>"/users"}
REQUESTING PAGE: GET /events/new with {} and HTTP headers {"HTTP_REFERER"=>"http://www.example.com/users/1"}
REQUESTING PAGE: POST /events with {"utf8"=>"\xE2\x9C\x93", "event"=>{"name"=>"Hilarious time", "price"=>"no price info", "date(1i)"=>"2011", "date(2i)"=>"2", "date(3i)"=>"6", "time"=>"", "venue_id"=>"no_venue", "address"=>"1234 Happy Street", "city"=>"Chicago, IL", "description"=>"This is going to be funny as shit.", "links_attributes"=>{"0"=>{"url"=>"", "text"=>""}, "1"=>{"url"=>"", "text"=>""}, "2"=>{"url"=>"", "text"=>""}, "3"=>{"url"=>"", "text"=>""}}}, "commit"=>"Create Event"} and HTTP headers {"HTTP_REFERER"=>"/events/new"}
REQUESTING PAGE: GET http://www.example.com/events/1 with {} and HTTP headers {"HTTP_REFERER"=>"/events"}
REQUESTING PAGE: GET /users/new?user[uid]=alwaysandfornever.fool&user[provider]=google with {} and HTTP headers {}
REQUESTING PAGE: POST /users with {"utf8"=>"\xE2\x9C\x93", "user"=>{"uid"=>"alwaysandfornever.fool", "provider"=>"google", "name"=>"Terrible deep", "email"=>"never@publish.me", "description"=>"I never want to die but always fear I will.", "theme"=>"general"}, "commit"=>"Sign up"} and HTTP headers {"HTTP_REFERER"=>"/users/new?user[uid]=alwaysandfornever.fool&user[provider]=google"}
REQUESTING PAGE: GET http://www.example.com/users/1 with {} and HTTP headers {"HTTP_REFERER"=>"/users"}
REQUESTING PAGE: GET /events with {} and HTTP headers {"HTTP_REFERER"=>"http://www.example.com/users/1"}
REQUESTING PAGE: GET /events with {"utf8"=>"\xE2\x9C\x93", "commit"=>"This month's events", "price_text"=>""} and HTTP headers {"HTTP_REFERER"=>"/events"}
REQUESTING PAGE: GET /events with {"utf8"=>"\xE2\x9C\x93", "commit"=>"Past events", "price_text"=>""} and HTTP headers {"HTTP_REFERER"=>"/events"}
REQUESTING PAGE: GET /events with {"utf8"=>"\xE2\x9C\x93", "commit"=>"This week's events", "price_text"=>""} and HTTP headers {"HTTP_REFERER"=>"/events"}
REQUESTING PAGE: GET /events with {"utf8"=>"\xE2\x9C\x93", "commit"=>"Today's events", "price_text"=>""} and HTTP headers {"HTTP_REFERER"=>"/events"}
REQUESTING PAGE: GET /events with {"utf8"=>"\xE2\x9C\x93", "commit"=>"All upcoming events", "price_text"=>""} and HTTP headers {"HTTP_REFERER"=>"/events"}
REQUESTING PAGE: GET /users/new?user[uid]=alwaysandfornever.fool&user[provider]=google with {} and HTTP headers {}
REQUESTING PAGE: POST /users with {"utf8"=>"\xE2\x9C\x93", "user"=>{"uid"=>"alwaysandfornever.fool", "provider"=>"google", "name"=>"Terrible deep", "email"=>"never@publish.me", "description"=>"I never want to die but always fear I will.", "theme"=>"general"}, "commit"=>"Sign up"} and HTTP headers {"HTTP_REFERER"=>"/users/new?user[uid]=alwaysandfornever.fool&user[provider]=google"}
REQUESTING PAGE: GET http://www.example.com/users/1 with {} and HTTP headers {"HTTP_REFERER"=>"/users"}
REQUESTING PAGE: GET / with {} and HTTP headers {"HTTP_REFERER"=>"http://www.example.com/users/1"}
REQUESTING PAGE: GET /search with {"utf8"=>"\xE2\x9C\x93", "event"=>"1", "user"=>"1", "venue"=>"1", "when"=>"future", "price"=>"any", "order"=>"date", "search"=>""} and HTTP headers {"HTTP_REFERER"=>"/"}
REQUESTING PAGE: GET /users/new?user[uid]=alwaysandfornever.fool&user[provider]=google with {} and HTTP headers {}
REQUESTING PAGE: POST /users with {"utf8"=>"\xE2\x9C\x93", "user"=>{"uid"=>"alwaysandfornever.fool", "provider"=>"google", "name"=>"Terrible deep", "email"=>"never@publish.me", "description"=>"I never want to die but always fear I will.", "theme"=>"general"}, "commit"=>"Sign up"} and HTTP headers {"HTTP_REFERER"=>"/users/new?user[uid]=alwaysandfornever.fool&user[provider]=google"}
REQUESTING PAGE: GET http://www.example.com/users/1 with {} and HTTP headers {"HTTP_REFERER"=>"/users"}
REQUESTING PAGE: GET /events with {} and HTTP headers {"HTTP_REFERER"=>"http://www.example.com/users/1"}
REQUESTING PAGE: GET /events/new with {} and HTTP headers {"HTTP_REFERER"=>"/events"}
REQUESTING PAGE: POST /events with {"utf8"=>"\xE2\x9C\x93", "event"=>{"name"=>"", "price"=>"no price info", "date(1i)"=>"2011", "date(2i)"=>"2", "date(3i)"=>"6", "time"=>"", "venue_id"=>"no_venue", "address"=>"", "city"=>"Chicago, IL", "description"=>"", "links_attributes"=>{"0"=>{"url"=>"", "text"=>""}, "1"=>{"url"=>"", "text"=>""}, "2"=>{"url"=>"", "text"=>""}, "3"=>{"url"=>"", "text"=>""}}}, "commit"=>"Create Event"} and HTTP headers {"HTTP_REFERER"=>"/events/new"}
REQUESTING PAGE: GET /users/new?user[uid]=alwaysandfornever.fool&user[provider]=google with {} and HTTP headers {}
REQUESTING PAGE: POST /users with {"utf8"=>"\xE2\x9C\x93", "user"=>{"uid"=>"alwaysandfornever.fool", "provider"=>"google", "name"=>"Terrible deep", "email"=>"never@publish.me", "description"=>"I never want to die but always fear I will.", "theme"=>"general"}, "commit"=>"Sign up"} and HTTP headers {"HTTP_REFERER"=>"/users/new?user[uid]=alwaysandfornever.fool&user[provider]=google"}
REQUESTING PAGE: GET http://www.example.com/users/1 with {} and HTTP headers {"HTTP_REFERER"=>"/users"}
REQUESTING PAGE: GET /events/new with {} and HTTP headers {"HTTP_REFERER"=>"http://www.example.com/users/1"}
REQUESTING PAGE: POST /events with {"utf8"=>"\xE2\x9C\x93", "event"=>{"name"=>"Hilarious time", "price"=>"no price info", "date(1i)"=>"2011", "date(2i)"=>"2", "date(3i)"=>"6", "time"=>"", "venue_id"=>"no_venue", "address"=>"1234 Happy Street", "city"=>"Chicago, IL", "description"=>"This is going to be funny as shit.", "links_attributes"=>{"0"=>{"url"=>"", "text"=>""}, "1"=>{"url"=>"", "text"=>""}, "2"=>{"url"=>"", "text"=>""}, "3"=>{"url"=>"", "text"=>""}}}, "commit"=>"Create Event"} and HTTP headers {"HTTP_REFERER"=>"/events/new"}
REQUESTING PAGE: GET http://www.example.com/events/1 with {} and HTTP headers {"HTTP_REFERER"=>"/events"}
REQUESTING PAGE: GET /users/new?user[uid]=alwaysandfornever.fool&user[provider]=google with {} and HTTP headers {}
REQUESTING PAGE: POST /users with {"utf8"=>"\xE2\x9C\x93", "user"=>{"uid"=>"alwaysandfornever.fool", "provider"=>"google", "name"=>"Terrible deep", "email"=>"never@publish.me", "description"=>"I never want to die but always fear I will.", "theme"=>"general"}, "commit"=>"Sign up"} and HTTP headers {"HTTP_REFERER"=>"/users/new?user[uid]=alwaysandfornever.fool&user[provider]=google"}
REQUESTING PAGE: GET http://www.example.com/users/1 with {} and HTTP headers {"HTTP_REFERER"=>"/users"}
REQUESTING PAGE: GET /events with {} and HTTP headers {"HTTP_REFERER"=>"http://www.example.com/users/1"}
REQUESTING PAGE: GET /events with {"utf8"=>"\xE2\x9C\x93", "commit"=>"This month's events", "price_text"=>""} and HTTP headers {"HTTP_REFERER"=>"/events"}
REQUESTING PAGE: GET /events with {"utf8"=>"\xE2\x9C\x93", "commit"=>"Past events", "price_text"=>""} and HTTP headers {"HTTP_REFERER"=>"/events"}
REQUESTING PAGE: GET /events with {"utf8"=>"\xE2\x9C\x93", "commit"=>"This week's events", "price_text"=>""} and HTTP headers {"HTTP_REFERER"=>"/events"}
REQUESTING PAGE: GET /events with {"utf8"=>"\xE2\x9C\x93", "commit"=>"Today's events", "price_text"=>""} and HTTP headers {"HTTP_REFERER"=>"/events"}
REQUESTING PAGE: GET /events with {"utf8"=>"\xE2\x9C\x93", "commit"=>"All upcoming events", "price_text"=>""} and HTTP headers {"HTTP_REFERER"=>"/events"}
REQUESTING PAGE: GET /users/new?user[uid]=alwaysandfornever.fool&user[provider]=google with {} and HTTP headers {}
REQUESTING PAGE: POST /users with {"utf8"=>"\xE2\x9C\x93", "user"=>{"uid"=>"alwaysandfornever.fool", "provider"=>"google", "name"=>"Terrible deep", "email"=>"never@publish.me", "description"=>"I never want to die but always fear I will.", "theme"=>"general"}, "commit"=>"Sign up"} and HTTP headers {"HTTP_REFERER"=>"/users/new?user[uid]=alwaysandfornever.fool&user[provider]=google"}
REQUESTING PAGE: GET http://www.example.com/users/1 with {} and HTTP headers {"HTTP_REFERER"=>"/users"}
REQUESTING PAGE: GET / with {} and HTTP headers {"HTTP_REFERER"=>"http://www.example.com/users/1"}
REQUESTING PAGE: GET /search with {"utf8"=>"\xE2\x9C\x93", "event"=>"1", "user"=>"1", "venue"=>"1", "when"=>"future", "price"=>"any", "order"=>"date", "search"=>""} and HTTP headers {"HTTP_REFERER"=>"/"}
REQUESTING PAGE: GET /users/new?user[uid]=alwaysandfornever.fool&user[provider]=google with {} and HTTP headers {}
REQUESTING PAGE: POST /users with {"utf8"=>"\xE2\x9C\x93", "user"=>{"uid"=>"alwaysandfornever.fool", "provider"=>"google", "name"=>"Terrible deep", "email"=>"never@publish.me", "description"=>"I never want to die but always fear I will.", "theme"=>"general"}, "commit"=>"Sign up"} and HTTP headers {"HTTP_REFERER"=>"/users/new?user[uid]=alwaysandfornever.fool&user[provider]=google"}
REQUESTING PAGE: GET http://www.example.com/users/1 with {} and HTTP headers {"HTTP_REFERER"=>"/users"}
REQUESTING PAGE: GET /events with {} and HTTP headers {"HTTP_REFERER"=>"http://www.example.com/users/1"}
REQUESTING PAGE: GET /events/new with {} and HTTP headers {"HTTP_REFERER"=>"/events"}
REQUESTING PAGE: POST /events with {"utf8"=>"\xE2\x9C\x93", "event"=>{"name"=>"", "price"=>"no price info", "date(1i)"=>"2011", "date(2i)"=>"2", "date(3i)"=>"6", "time"=>"", "venue_id"=>"no_venue", "address"=>"", "city"=>"Chicago, IL", "description"=>"", "links_attributes"=>{"0"=>{"url"=>"", "text"=>""}, "1"=>{"url"=>"", "text"=>""}, "2"=>{"url"=>"", "text"=>""}, "3"=>{"url"=>"", "text"=>""}}}, "commit"=>"Create Event"} and HTTP headers {"HTTP_REFERER"=>"/events/new"}
REQUESTING PAGE: GET /users/new?user[uid]=alwaysandfornever.fool&user[provider]=google with {} and HTTP headers {}
REQUESTING PAGE: POST /users with {"utf8"=>"\xE2\x9C\x93", "user"=>{"uid"=>"alwaysandfornever.fool", "provider"=>"google", "name"=>"Terrible deep", "email"=>"never@publish.me", "description"=>"I never want to die but always fear I will.", "theme"=>"general"}, "commit"=>"Sign up"} and HTTP headers {"HTTP_REFERER"=>"/users/new?user[uid]=alwaysandfornever.fool&user[provider]=google"}
REQUESTING PAGE: GET http://www.example.com/users/1 with {} and HTTP headers {"HTTP_REFERER"=>"/users"}
REQUESTING PAGE: GET /events/new with {} and HTTP headers {"HTTP_REFERER"=>"http://www.example.com/users/1"}
REQUESTING PAGE: POST /events with {"utf8"=>"\xE2\x9C\x93", "event"=>{"name"=>"Hilarious time", "price"=>"no price info", "date(1i)"=>"2011", "date(2i)"=>"2", "date(3i)"=>"6", "time"=>"", "venue_id"=>"no_venue", "address"=>"1234 Happy Street", "city"=>"Chicago, IL", "description"=>"This is going to be funny as shit.", "links_attributes"=>{"0"=>{"url"=>"", "text"=>""}, "1"=>{"url"=>"", "text"=>""}, "2"=>{"url"=>"", "text"=>""}, "3"=>{"url"=>"", "text"=>""}}}, "commit"=>"Create Event"} and HTTP headers {"HTTP_REFERER"=>"/events/new"}
REQUESTING PAGE: GET http://www.example.com/events/1 with {} and HTTP headers {"HTTP_REFERER"=>"/events"}
REQUESTING PAGE: GET /users/new?user[uid]=alwaysandfornever.fool&user[provider]=google with {} and HTTP headers {}
REQUESTING PAGE: POST /users with {"utf8"=>"\xE2\x9C\x93", "user"=>{"uid"=>"alwaysandfornever.fool", "provider"=>"google", "name"=>"Terrible deep", "email"=>"never@publish.me", "description"=>"I never want to die but always fear I will.", "theme"=>"general"}, "commit"=>"Sign up"} and HTTP headers {"HTTP_REFERER"=>"/users/new?user[uid]=alwaysandfornever.fool&user[provider]=google"}
REQUESTING PAGE: GET http://www.example.com/users/1 with {} and HTTP headers {"HTTP_REFERER"=>"/users"}
REQUESTING PAGE: GET /events with {} and HTTP headers {"HTTP_REFERER"=>"http://www.example.com/users/1"}
REQUESTING PAGE: GET /events with {"utf8"=>"\xE2\x9C\x93", "commit"=>"This month's events", "price_text"=>""} and HTTP headers {"HTTP_REFERER"=>"/events"}
REQUESTING PAGE: GET /events with {"utf8"=>"\xE2\x9C\x93", "commit"=>"Past events", "price_text"=>""} and HTTP headers {"HTTP_REFERER"=>"/events"}
REQUESTING PAGE: GET /events with {"utf8"=>"\xE2\x9C\x93", "commit"=>"This week's events", "price_text"=>""} and HTTP headers {"HTTP_REFERER"=>"/events"}
REQUESTING PAGE: GET /events with {"utf8"=>"\xE2\x9C\x93", "commit"=>"Today's events", "price_text"=>""} and HTTP headers {"HTTP_REFERER"=>"/events"}
REQUESTING PAGE: GET /events with {"utf8"=>"\xE2\x9C\x93", "commit"=>"All upcoming events", "price_text"=>""} and HTTP headers {"HTTP_REFERER"=>"/events"}
REQUESTING PAGE: GET /users/new?user[uid]=alwaysandfornever.fool&user[provider]=google with {} and HTTP headers {}
REQUESTING PAGE: POST /users with {"utf8"=>"\xE2\x9C\x93", "user"=>{"uid"=>"alwaysandfornever.fool", "provider"=>"google", "name"=>"Terrible deep", "email"=>"never@publish.me", "description"=>"I never want to die but always fear I will.", "theme"=>"general"}, "commit"=>"Sign up"} and HTTP headers {"HTTP_REFERER"=>"/users/new?user[uid]=alwaysandfornever.fool&user[provider]=google"}
REQUESTING PAGE: GET http://www.example.com/users/1 with {} and HTTP headers {"HTTP_REFERER"=>"/users"}
REQUESTING PAGE: GET / with {} and HTTP headers {"HTTP_REFERER"=>"http://www.example.com/users/1"}
REQUESTING PAGE: GET /search with {"utf8"=>"\xE2\x9C\x93", "event"=>"1", "user"=>"1", "venue"=>"1", "when"=>"future", "price"=>"any", "order"=>"date", "search"=>""} and HTTP headers {"HTTP_REFERER"=>"/"}
REQUESTING PAGE: GET /users/new?user[uid]=alwaysandfornever.fool&user[provider]=google with {} and HTTP headers {}
REQUESTING PAGE: POST /users with {"utf8"=>"\xE2\x9C\x93", "user"=>{"uid"=>"alwaysandfornever.fool", "provider"=>"google", "name"=>"Terrible deep", "email"=>"never@publish.me", "description"=>"I never want to die but always fear I will.", "theme"=>"general"}, "commit"=>"Sign up"} and HTTP headers {"HTTP_REFERER"=>"/users/new?user[uid]=alwaysandfornever.fool&user[provider]=google"}
REQUESTING PAGE: GET http://www.example.com/users/1 with {} and HTTP headers {"HTTP_REFERER"=>"/users"}
REQUESTING PAGE: GET /events with {} and HTTP headers {"HTTP_REFERER"=>"http://www.example.com/users/1"}
REQUESTING PAGE: GET /events/new with {} and HTTP headers {"HTTP_REFERER"=>"/events"}
REQUESTING PAGE: POST /events with {"utf8"=>"\xE2\x9C\x93", "event"=>{"name"=>"", "price"=>"no price info", "date(1i)"=>"2011", "date(2i)"=>"2", "date(3i)"=>"6", "time"=>"", "venue_id"=>"no_venue", "address"=>"", "city"=>"Chicago, IL", "description"=>"", "links_attributes"=>{"0"=>{"url"=>"", "text"=>""}, "1"=>{"url"=>"", "text"=>""}, "2"=>{"url"=>"", "text"=>""}, "3"=>{"url"=>"", "text"=>""}}}, "commit"=>"Create Event"} and HTTP headers {"HTTP_REFERER"=>"/events/new"}
REQUESTING PAGE: GET /users/new?user[uid]=alwaysandfornever.fool&user[provider]=google with {} and HTTP headers {}
REQUESTING PAGE: POST /users with {"utf8"=>"\xE2\x9C\x93", "user"=>{"uid"=>"alwaysandfornever.fool", "provider"=>"google", "name"=>"Terrible deep", "email"=>"never@publish.me", "description"=>"I never want to die but always fear I will.", "theme"=>"general"}, "commit"=>"Sign up"} and HTTP headers {"HTTP_REFERER"=>"/users/new?user[uid]=alwaysandfornever.fool&user[provider]=google"}
REQUESTING PAGE: GET http://www.example.com/users/1 with {} and HTTP headers {"HTTP_REFERER"=>"/users"}
REQUESTING PAGE: GET /events/new with {} and HTTP headers {"HTTP_REFERER"=>"http://www.example.com/users/1"}
REQUESTING PAGE: POST /events with {"utf8"=>"\xE2\x9C\x93", "event"=>{"name"=>"Hilarious time", "price"=>"no price info", "date(1i)"=>"2011", "date(2i)"=>"2", "date(3i)"=>"6", "time"=>"", "venue_id"=>"no_venue", "address"=>"1234 Happy Street", "city"=>"Chicago, IL", "description"=>"This is going to be funny as shit.", "links_attributes"=>{"0"=>{"url"=>"", "text"=>""}, "1"=>{"url"=>"", "text"=>""}, "2"=>{"url"=>"", "text"=>""}, "3"=>{"url"=>"", "text"=>""}}}, "commit"=>"Create Event"} and HTTP headers {"HTTP_REFERER"=>"/events/new"}
REQUESTING PAGE: GET http://www.example.com/events/1 with {} and HTTP headers {"HTTP_REFERER"=>"/events"}
REQUESTING PAGE: GET /users/new?user[uid]=alwaysandfornever.fool&user[provider]=google with {} and HTTP headers {}
REQUESTING PAGE: POST /users with {"utf8"=>"\xE2\x9C\x93", "user"=>{"uid"=>"alwaysandfornever.fool", "provider"=>"google", "name"=>"Terrible deep", "email"=>"never@publish.me", "description"=>"I never want to die but always fear I will.", "theme"=>"general"}, "commit"=>"Sign up"} and HTTP headers {"HTTP_REFERER"=>"/users/new?user[uid]=alwaysandfornever.fool&user[provider]=google"}
REQUESTING PAGE: GET http://www.example.com/users/1 with {} and HTTP headers {"HTTP_REFERER"=>"/users"}
REQUESTING PAGE: GET /events with {} and HTTP headers {"HTTP_REFERER"=>"http://www.example.com/users/1"}
REQUESTING PAGE: GET /events with {"utf8"=>"\xE2\x9C\x93", "commit"=>"This month's events", "price_text"=>""} and HTTP headers {"HTTP_REFERER"=>"/events"}
REQUESTING PAGE: GET /events with {"utf8"=>"\xE2\x9C\x93", "commit"=>"Past events", "price_text"=>""} and HTTP headers {"HTTP_REFERER"=>"/events"}
REQUESTING PAGE: GET /events with {"utf8"=>"\xE2\x9C\x93", "commit"=>"This week's events", "price_text"=>""} and HTTP headers {"HTTP_REFERER"=>"/events"}
REQUESTING PAGE: GET /events with {"utf8"=>"\xE2\x9C\x93", "commit"=>"Today's events", "price_text"=>""} and HTTP headers {"HTTP_REFERER"=>"/events"}
REQUESTING PAGE: GET /events with {"utf8"=>"\xE2\x9C\x93", "commit"=>"All upcoming events", "price_text"=>""} and HTTP headers {"HTTP_REFERER"=>"/events"}
REQUESTING PAGE: GET /users/new?user[uid]=alwaysandfornever.fool&user[provider]=google with {} and HTTP headers {}
REQUESTING PAGE: POST /users with {"utf8"=>"\xE2\x9C\x93", "user"=>{"uid"=>"alwaysandfornever.fool", "provider"=>"google", "name"=>"Terrible deep", "email"=>"never@publish.me", "description"=>"I never want to die but always fear I will.", "theme"=>"general"}, "commit"=>"Sign up"} and HTTP headers {"HTTP_REFERER"=>"/users/new?user[uid]=alwaysandfornever.fool&user[provider]=google"}
REQUESTING PAGE: GET http://www.example.com/users/1 with {} and HTTP headers {"HTTP_REFERER"=>"/users"}
REQUESTING PAGE: GET / with {} and HTTP headers {"HTTP_REFERER"=>"http://www.example.com/users/1"}
REQUESTING PAGE: GET /search with {"utf8"=>"\xE2\x9C\x93", "event"=>"1", "user"=>"1", "venue"=>"1", "when"=>"future", "price"=>"any", "order"=>"date", "search"=>""} and HTTP headers {"HTTP_REFERER"=>"/"}
